[0.016s] Invoking command in '/workspaces/ros2-develop/rmcs_ws/build/cpp_pubsub': CMAKE_PREFIX_PATH=${CMAKE_PREFIX_PATH}:/opt/ros/jazzy /usr/bin/cmake --build /workspaces/ros2-develop/rmcs_ws/build/cpp_pubsub -- -j18 -l18
[0.126s] [ 50%] [32mBuilding CXX object CMakeFiles/talker.dir/src/publisher_member_function.cpp.o[0m
[0.126s] [ 50%] [32mBuilding CXX object CMakeFiles/listener.dir/src/subscriber_member_function.cpp.o[0m
[4.355s] [ 75%] [32m[1mLinking CXX executable talker[0m
[4.508s] [ 75%] Built target talker
[6.713s] [100%] [32m[1mLinking CXX executable listener[0m
[6.910s] [100%] Built target listener
[6.919s] Invoked command in '/workspaces/ros2-develop/rmcs_ws/build/cpp_pubsub' returned '0': CMAKE_PREFIX_PATH=${CMAKE_PREFIX_PATH}:/opt/ros/jazzy /usr/bin/cmake --build /workspaces/ros2-develop/rmcs_ws/build/cpp_pubsub -- -j18 -l18
[6.928s] Invoking command in '/workspaces/ros2-develop/rmcs_ws/build/cpp_pubsub': CMAKE_PREFIX_PATH=${CMAKE_PREFIX_PATH}:/opt/ros/jazzy /usr/bin/cmake --install /workspaces/ros2-develop/rmcs_ws/build/cpp_pubsub
[6.936s] -- Install configuration: ""
[6.937s] -- Installing: /workspaces/ros2-develop/rmcs_ws/install/cpp_pubsub/lib/cpp_pubsub/talker
[6.938s] -- Set non-toolchain portion of runtime path of "/workspaces/ros2-develop/rmcs_ws/install/cpp_pubsub/lib/cpp_pubsub/talker" to ""
[6.938s] -- Up-to-date: /workspaces/ros2-develop/rmcs_ws/install/cpp_pubsub/lib/cpp_pubsub/talker
[6.939s] -- Installing: /workspaces/ros2-develop/rmcs_ws/install/cpp_pubsub/lib/cpp_pubsub/listener
[6.942s] -- Set non-toolchain portion of runtime path of "/workspaces/ros2-develop/rmcs_ws/install/cpp_pubsub/lib/cpp_pubsub/listener" to ""
[6.942s] -- Up-to-date: /workspaces/ros2-develop/rmcs_ws/install/cpp_pubsub/share/ament_index/resource_index/package_run_dependencies/cpp_pubsub
[6.942s] -- Up-to-date: /workspaces/ros2-develop/rmcs_ws/install/cpp_pubsub/share/ament_index/resource_index/parent_prefix_path/cpp_pubsub
[6.942s] -- Up-to-date: /workspaces/ros2-develop/rmcs_ws/install/cpp_pubsub/share/cpp_pubsub/environment/ament_prefix_path.sh
[6.942s] -- Up-to-date: /workspaces/ros2-develop/rmcs_ws/install/cpp_pubsub/share/cpp_pubsub/environment/ament_prefix_path.dsv
[6.942s] -- Up-to-date: /workspaces/ros2-develop/rmcs_ws/install/cpp_pubsub/share/cpp_pubsub/environment/path.sh
[6.942s] -- Up-to-date: /workspaces/ros2-develop/rmcs_ws/install/cpp_pubsub/share/cpp_pubsub/environment/path.dsv
[6.942s] -- Up-to-date: /workspaces/ros2-develop/rmcs_ws/install/cpp_pubsub/share/cpp_pubsub/local_setup.bash
[6.942s] -- Up-to-date: /workspaces/ros2-develop/rmcs_ws/install/cpp_pubsub/share/cpp_pubsub/local_setup.sh
[6.943s] -- Up-to-date: /workspaces/ros2-develop/rmcs_ws/install/cpp_pubsub/share/cpp_pubsub/local_setup.zsh
[6.943s] -- Up-to-date: /workspaces/ros2-develop/rmcs_ws/install/cpp_pubsub/share/cpp_pubsub/local_setup.dsv
[6.943s] -- Installing: /workspaces/ros2-develop/rmcs_ws/install/cpp_pubsub/share/cpp_pubsub/package.dsv
[6.943s] -- Up-to-date: /workspaces/ros2-develop/rmcs_ws/install/cpp_pubsub/share/ament_index/resource_index/packages/cpp_pubsub
[6.943s] -- Up-to-date: /workspaces/ros2-develop/rmcs_ws/install/cpp_pubsub/share/cpp_pubsub/cmake/cpp_pubsubConfig.cmake
[6.943s] -- Up-to-date: /workspaces/ros2-develop/rmcs_ws/install/cpp_pubsub/share/cpp_pubsub/cmake/cpp_pubsubConfig-version.cmake
[6.943s] -- Up-to-date: /workspaces/ros2-develop/rmcs_ws/install/cpp_pubsub/share/cpp_pubsub/package.xml
[6.945s] Invoked command in '/workspaces/ros2-develop/rmcs_ws/build/cpp_pubsub' returned '0': CMAKE_PREFIX_PATH=${CMAKE_PREFIX_PATH}:/opt/ros/jazzy /usr/bin/cmake --install /workspaces/ros2-develop/rmcs_ws/build/cpp_pubsub
