[0.139s] DEBUG:colcon:Command line arguments: ['/usr/bin/colcon', 'build', '--packages-select', 'cpp_pubsub']
[0.139s] DEBUG:colcon:Parsed command line arguments: Namespace(log_base=None, log_level=None, verb_name='build', build_base='build', install_base='install', merge_install=False, symlink_install=False, test_result_base=None, continue_on_error=False, executor='parallel', parallel_workers=18, event_handlers=None, ignore_user_meta=False, metas=['./colcon.meta'], base_paths=['.'], packages_ignore=None, packages_ignore_regex=None, paths=None, packages_up_to=None, packages_up_to_regex=None, packages_above=None, packages_above_and_dependencies=None, packages_above_depth=None, packages_select_by_dep=None, packages_skip_by_dep=None, packages_skip_up_to=None, packages_select_build_failed=False, packages_skip_build_finished=False, packages_select_test_failures=False, packages_skip_test_passed=False, packages_select=['cpp_pubsub'], packages_skip=None, packages_select_regex=None, packages_skip_regex=None, packages_start=None, packages_end=None, cmake_args=None, cmake_target=None, cmake_target_skip_unavailable=False, cmake_clean_cache=False, cmake_clean_first=False, cmake_force_configure=False, ament_cmake_args=None, catkin_cmake_args=None, catkin_skip_building_tests=False, mixin_files=None, mixin=None, verb_parser=<colcon_mixin.mixin.mixin_argument.MixinArgumentDecorator object at 0x766d1545faa0>, verb_extension=<colcon_core.verb.build.BuildVerb object at 0x766d1602e180>, main=<bound method BuildVerb.main of <colcon_core.verb.build.BuildVerb object at 0x766d1602e180>>, mixin_verb=('build',))
[0.203s] Level 1:colcon.colcon_core.package_discovery:discover_packages(colcon_meta) check parameters
[0.204s] Level 1:colcon.colcon_core.package_discovery:discover_packages(recursive) check parameters
[0.204s] Level 1:colcon.colcon_core.package_discovery:discover_packages(ignore) check parameters
[0.204s] Level 1:colcon.colcon_core.package_discovery:discover_packages(path) check parameters
[0.204s] Level 1:colcon.colcon_core.package_discovery:discover_packages(colcon_meta) discover
[0.204s] Level 1:colcon.colcon_core.package_discovery:discover_packages(recursive) discover
[0.204s] INFO:colcon.colcon_core.package_discovery:Crawling recursively for packages in '/workspaces/ros2-develop/rmcs_ws'
[0.204s] Level 1:colcon.colcon_core.package_identification:_identify(.) by extensions ['ignore', 'ignore_ament_install']
[0.204s] Level 1:colcon.colcon_core.package_identification:_identify(.) by extension 'ignore'
[0.204s] Level 1:colcon.colcon_core.package_identification:_identify(.) by extension 'ignore_ament_install'
[0.204s] Level 1:colcon.colcon_core.package_identification:_identify(.) by extensions ['colcon_pkg']
[0.204s] Level 1:colcon.colcon_core.package_identification:_identify(.) by extension 'colcon_pkg'
[0.204s] Level 1:colcon.colcon_core.package_identification:_identify(.) by extensions ['colcon_meta']
[0.204s] Level 1:colcon.colcon_core.package_identification:_identify(.) by extension 'colcon_meta'
[0.204s] Level 1:colcon.colcon_core.package_identification:_identify(.) by extensions ['ros']
[0.204s] Level 1:colcon.colcon_core.package_identification:_identify(.) by extension 'ros'
[0.233s] Level 1:colcon.colcon_core.package_identification:_identify(.) by extensions ['cmake', 'python']
[0.233s] Level 1:colcon.colcon_core.package_identification:_identify(.) by extension 'cmake'
[0.233s] Level 1:colcon.colcon_core.package_identification:_identify(.) by extension 'python'
[0.233s] Level 1:colcon.colcon_core.package_identification:_identify(.) by extensions ['python_setup_py']
[0.233s] Level 1:colcon.colcon_core.package_identification:_identify(.) by extension 'python_setup_py'
[0.233s] Level 1:colcon.colcon_core.package_identification:_identify(build) by extensions ['ignore', 'ignore_ament_install']
[0.233s] Level 1:colcon.colcon_core.package_identification:_identify(build) by extension 'ignore'
[0.233s] Level 1:colcon.colcon_core.package_identification:_identify(build) ignored
[0.233s] Level 1:colcon.colcon_core.package_identification:_identify(install) by extensions ['ignore', 'ignore_ament_install']
[0.234s] Level 1:colcon.colcon_core.package_identification:_identify(install) by extension 'ignore'
[0.234s] Level 1:colcon.colcon_core.package_identification:_identify(install) ignored
[0.234s] Level 1:colcon.colcon_core.package_identification:_identify(log) by extensions ['ignore', 'ignore_ament_install']
[0.234s] Level 1:colcon.colcon_core.package_identification:_identify(log) by extension 'ignore'
[0.234s] Level 1:colcon.colcon_core.package_identification:_identify(log) ignored
[0.234s] Level 1:colcon.colcon_core.package_identification:_identify(src) by extensions ['ignore', 'ignore_ament_install']
[0.234s] Level 1:colcon.colcon_core.package_identification:_identify(src) by extension 'ignore'
[0.234s] Level 1:colcon.colcon_core.package_identification:_identify(src) by extension 'ignore_ament_install'
[0.234s] Level 1:colcon.colcon_core.package_identification:_identify(src) by extensions ['colcon_pkg']
[0.234s] Level 1:colcon.colcon_core.package_identification:_identify(src) by extension 'colcon_pkg'
[0.234s] Level 1:colcon.colcon_core.package_identification:_identify(src) by extensions ['colcon_meta']
[0.234s] Level 1:colcon.colcon_core.package_identification:_identify(src) by extension 'colcon_meta'
[0.234s] Level 1:colcon.colcon_core.package_identification:_identify(src) by extensions ['ros']
[0.234s] Level 1:colcon.colcon_core.package_identification:_identify(src) by extension 'ros'
[0.234s] Level 1:colcon.colcon_core.package_identification:_identify(src) by extensions ['cmake', 'python']
[0.234s] Level 1:colcon.colcon_core.package_identification:_identify(src) by extension 'cmake'
[0.234s] Level 1:colcon.colcon_core.package_identification:_identify(src) by extension 'python'
[0.234s] Level 1:colcon.colcon_core.package_identification:_identify(src) by extensions ['python_setup_py']
[0.234s] Level 1:colcon.colcon_core.package_identification:_identify(src) by extension 'python_setup_py'
[0.234s] Level 1:colcon.colcon_core.package_identification:_identify(src/cpp_pubsub) by extensions ['ignore', 'ignore_ament_install']
[0.234s] Level 1:colcon.colcon_core.package_identification:_identify(src/cpp_pubsub) by extension 'ignore'
[0.235s] Level 1:colcon.colcon_core.package_identification:_identify(src/cpp_pubsub) by extension 'ignore_ament_install'
[0.235s] Level 1:colcon.colcon_core.package_identification:_identify(src/cpp_pubsub) by extensions ['colcon_pkg']
[0.235s] Level 1:colcon.colcon_core.package_identification:_identify(src/cpp_pubsub) by extension 'colcon_pkg'
[0.235s] Level 1:colcon.colcon_core.package_identification:_identify(src/cpp_pubsub) by extensions ['colcon_meta']
[0.235s] Level 1:colcon.colcon_core.package_identification:_identify(src/cpp_pubsub) by extension 'colcon_meta'
[0.235s] Level 1:colcon.colcon_core.package_identification:_identify(src/cpp_pubsub) by extensions ['ros']
[0.235s] Level 1:colcon.colcon_core.package_identification:_identify(src/cpp_pubsub) by extension 'ros'
[0.238s] DEBUG:colcon.colcon_core.package_identification:Package 'src/cpp_pubsub' with type 'ros.ament_cmake' and name 'cpp_pubsub'
[0.238s] Level 1:colcon.colcon_core.package_discovery:discover_packages(recursive) using defaults
[0.238s] Level 1:colcon.colcon_core.package_discovery:discover_packages(ignore) discover
[0.238s] Level 1:colcon.colcon_core.package_discovery:discover_packages(ignore) using defaults
[0.238s] Level 1:colcon.colcon_core.package_discovery:discover_packages(path) discover
[0.238s] Level 1:colcon.colcon_core.package_discovery:discover_packages(path) using defaults
[0.258s] Level 5:colcon.colcon_core.verb:set package 'cpp_pubsub' build argument 'cmake_args' from command line to 'None'
[0.258s] Level 5:colcon.colcon_core.verb:set package 'cpp_pubsub' build argument 'cmake_target' from command line to 'None'
[0.258s] Level 5:colcon.colcon_core.verb:set package 'cpp_pubsub' build argument 'cmake_target_skip_unavailable' from command line to 'False'
[0.258s] Level 5:colcon.colcon_core.verb:set package 'cpp_pubsub' build argument 'cmake_clean_cache' from command line to 'False'
[0.258s] Level 5:colcon.colcon_core.verb:set package 'cpp_pubsub' build argument 'cmake_clean_first' from command line to 'False'
[0.258s] Level 5:colcon.colcon_core.verb:set package 'cpp_pubsub' build argument 'cmake_force_configure' from command line to 'False'
[0.258s] Level 5:colcon.colcon_core.verb:set package 'cpp_pubsub' build argument 'ament_cmake_args' from command line to 'None'
[0.258s] Level 5:colcon.colcon_core.verb:set package 'cpp_pubsub' build argument 'catkin_cmake_args' from command line to 'None'
[0.258s] Level 5:colcon.colcon_core.verb:set package 'cpp_pubsub' build argument 'catkin_skip_building_tests' from command line to 'False'
[0.258s] DEBUG:colcon.colcon_core.verb:Building package 'cpp_pubsub' with the following arguments: {'ament_cmake_args': None, 'build_base': '/workspaces/ros2-develop/rmcs_ws/build/cpp_pubsub', 'catkin_cmake_args': None, 'catkin_skip_building_tests': False, 'cmake_args': None, 'cmake_clean_cache': False, 'cmake_clean_first': False, 'cmake_force_configure': False, 'cmake_target': None, 'cmake_target_skip_unavailable': False, 'install_base': '/workspaces/ros2-develop/rmcs_ws/install/cpp_pubsub', 'merge_install': False, 'path': '/workspaces/ros2-develop/rmcs_ws/src/cpp_pubsub', 'symlink_install': False, 'test_result_base': None}
[0.258s] INFO:colcon.colcon_core.executor:Executing jobs using 'parallel' executor
[0.259s] DEBUG:colcon.colcon_parallel_executor.executor.parallel:run_until_complete
[0.259s] INFO:colcon.colcon_ros.task.ament_cmake.build:Building ROS package in '/workspaces/ros2-develop/rmcs_ws/src/cpp_pubsub' with build type 'ament_cmake'
[0.260s] INFO:colcon.colcon_cmake.task.cmake.build:Building CMake package in '/workspaces/ros2-develop/rmcs_ws/src/cpp_pubsub'
[0.265s] INFO:colcon.colcon_core.plugin_system:Skipping extension 'colcon_core.shell.bat': Not used on non-Windows systems
[0.265s] INFO:colcon.colcon_core.shell:Skip shell extension 'powershell' for command environment: Not usable outside of PowerShell
[0.265s] DEBUG:colcon.colcon_core.shell:Skip shell extension 'dsv' for command environment
[0.276s] DEBUG:colcon.colcon_core.event_handler.log_command:Invoking command in '/workspaces/ros2-develop/rmcs_ws/build/cpp_pubsub': CMAKE_PREFIX_PATH=${CMAKE_PREFIX_PATH}:/opt/ros/jazzy /usr/bin/cmake --build /workspaces/ros2-develop/rmcs_ws/build/cpp_pubsub -- -j18 -l18
[7.179s] DEBUG:colcon.colcon_core.event_handler.log_command:Invoked command in '/workspaces/ros2-develop/rmcs_ws/build/cpp_pubsub' returned '0': CMAKE_PREFIX_PATH=${CMAKE_PREFIX_PATH}:/opt/ros/jazzy /usr/bin/cmake --build /workspaces/ros2-develop/rmcs_ws/build/cpp_pubsub -- -j18 -l18
[7.188s] DEBUG:colcon.colcon_core.event_handler.log_command:Invoking command in '/workspaces/ros2-develop/rmcs_ws/build/cpp_pubsub': CMAKE_PREFIX_PATH=${CMAKE_PREFIX_PATH}:/opt/ros/jazzy /usr/bin/cmake --install /workspaces/ros2-develop/rmcs_ws/build/cpp_pubsub
[7.204s] Level 1:colcon.colcon_core.environment:create_environment_scripts_only(cpp_pubsub)
[7.204s] DEBUG:colcon.colcon_core.event_handler.log_command:Invoked command in '/workspaces/ros2-develop/rmcs_ws/build/cpp_pubsub' returned '0': CMAKE_PREFIX_PATH=${CMAKE_PREFIX_PATH}:/opt/ros/jazzy /usr/bin/cmake --install /workspaces/ros2-develop/rmcs_ws/build/cpp_pubsub
[7.211s] Level 1:colcon.colcon_core.environment:checking '/workspaces/ros2-develop/rmcs_ws/install/cpp_pubsub' for CMake module files
[7.211s] Level 1:colcon.colcon_core.environment:checking '/workspaces/ros2-develop/rmcs_ws/install/cpp_pubsub' for CMake config files
[7.211s] Level 1:colcon.colcon_core.shell:create_environment_hook('cpp_pubsub', 'cmake_prefix_path')
[7.212s] INFO:colcon.colcon_core.shell:Creating environment hook '/workspaces/ros2-develop/rmcs_ws/install/cpp_pubsub/share/cpp_pubsub/hook/cmake_prefix_path.ps1'
[7.212s] INFO:colcon.colcon_core.shell:Creating environment descriptor '/workspaces/ros2-develop/rmcs_ws/install/cpp_pubsub/share/cpp_pubsub/hook/cmake_prefix_path.dsv'
[7.213s] INFO:colcon.colcon_core.shell:Creating environment hook '/workspaces/ros2-develop/rmcs_ws/install/cpp_pubsub/share/cpp_pubsub/hook/cmake_prefix_path.sh'
[7.214s] Level 1:colcon.colcon_core.environment:checking '/workspaces/ros2-develop/rmcs_ws/install/cpp_pubsub/lib'
[7.214s] Level 1:colcon.colcon_core.environment:checking '/workspaces/ros2-develop/rmcs_ws/install/cpp_pubsub/bin'
[7.214s] Level 1:colcon.colcon_core.environment:checking '/workspaces/ros2-develop/rmcs_ws/install/cpp_pubsub/lib/pkgconfig/cpp_pubsub.pc'
[7.216s] Level 1:colcon.colcon_core.environment:checking '/workspaces/ros2-develop/rmcs_ws/install/cpp_pubsub/lib/python3.12/site-packages'
[7.216s] Level 1:colcon.colcon_core.environment:checking '/workspaces/ros2-develop/rmcs_ws/install/cpp_pubsub/bin'
[7.216s] INFO:colcon.colcon_core.shell:Creating package script '/workspaces/ros2-develop/rmcs_ws/install/cpp_pubsub/share/cpp_pubsub/package.ps1'
[7.217s] INFO:colcon.colcon_core.shell:Creating package descriptor '/workspaces/ros2-develop/rmcs_ws/install/cpp_pubsub/share/cpp_pubsub/package.dsv'
[7.217s] INFO:colcon.colcon_core.shell:Creating package script '/workspaces/ros2-develop/rmcs_ws/install/cpp_pubsub/share/cpp_pubsub/package.sh'
[7.218s] INFO:colcon.colcon_core.shell:Creating package script '/workspaces/ros2-develop/rmcs_ws/install/cpp_pubsub/share/cpp_pubsub/package.bash'
[7.219s] INFO:colcon.colcon_core.shell:Creating package script '/workspaces/ros2-develop/rmcs_ws/install/cpp_pubsub/share/cpp_pubsub/package.zsh'
[7.219s] Level 1:colcon.colcon_core.environment:create_file_with_runtime_dependencies(/workspaces/ros2-develop/rmcs_ws/install/cpp_pubsub/share/colcon-core/packages/cpp_pubsub)
[7.220s] Level 1:colcon.colcon_core.environment:create_environment_scripts_only(cpp_pubsub)
[7.220s] Level 1:colcon.colcon_core.environment:checking '/workspaces/ros2-develop/rmcs_ws/install/cpp_pubsub' for CMake module files
[7.220s] Level 1:colcon.colcon_core.environment:checking '/workspaces/ros2-develop/rmcs_ws/install/cpp_pubsub' for CMake config files
[7.220s] Level 1:colcon.colcon_core.shell:create_environment_hook('cpp_pubsub', 'cmake_prefix_path')
[7.220s] INFO:colcon.colcon_core.shell:Creating environment hook '/workspaces/ros2-develop/rmcs_ws/install/cpp_pubsub/share/cpp_pubsub/hook/cmake_prefix_path.ps1'
[7.221s] INFO:colcon.colcon_core.shell:Creating environment descriptor '/workspaces/ros2-develop/rmcs_ws/install/cpp_pubsub/share/cpp_pubsub/hook/cmake_prefix_path.dsv'
[7.221s] INFO:colcon.colcon_core.shell:Creating environment hook '/workspaces/ros2-develop/rmcs_ws/install/cpp_pubsub/share/cpp_pubsub/hook/cmake_prefix_path.sh'
[7.221s] Level 1:colcon.colcon_core.environment:checking '/workspaces/ros2-develop/rmcs_ws/install/cpp_pubsub/lib'
[7.222s] Level 1:colcon.colcon_core.environment:checking '/workspaces/ros2-develop/rmcs_ws/install/cpp_pubsub/bin'
[7.222s] Level 1:colcon.colcon_core.environment:checking '/workspaces/ros2-develop/rmcs_ws/install/cpp_pubsub/lib/pkgconfig/cpp_pubsub.pc'
[7.222s] Level 1:colcon.colcon_core.environment:checking '/workspaces/ros2-develop/rmcs_ws/install/cpp_pubsub/lib/python3.12/site-packages'
[7.222s] Level 1:colcon.colcon_core.environment:checking '/workspaces/ros2-develop/rmcs_ws/install/cpp_pubsub/bin'
[7.222s] INFO:colcon.colcon_core.shell:Creating package script '/workspaces/ros2-develop/rmcs_ws/install/cpp_pubsub/share/cpp_pubsub/package.ps1'
[7.223s] INFO:colcon.colcon_core.shell:Creating package descriptor '/workspaces/ros2-develop/rmcs_ws/install/cpp_pubsub/share/cpp_pubsub/package.dsv'
[7.224s] INFO:colcon.colcon_core.shell:Creating package script '/workspaces/ros2-develop/rmcs_ws/install/cpp_pubsub/share/cpp_pubsub/package.sh'
[7.224s] INFO:colcon.colcon_core.shell:Creating package script '/workspaces/ros2-develop/rmcs_ws/install/cpp_pubsub/share/cpp_pubsub/package.bash'
[7.224s] INFO:colcon.colcon_core.shell:Creating package script '/workspaces/ros2-develop/rmcs_ws/install/cpp_pubsub/share/cpp_pubsub/package.zsh'
[7.225s] Level 1:colcon.colcon_core.environment:create_file_with_runtime_dependencies(/workspaces/ros2-develop/rmcs_ws/install/cpp_pubsub/share/colcon-core/packages/cpp_pubsub)
[7.225s] DEBUG:colcon.colcon_parallel_executor.executor.parallel:closing loop
[7.225s] DEBUG:colcon.colcon_parallel_executor.executor.parallel:loop closed
[7.225s] DEBUG:colcon.colcon_parallel_executor.executor.parallel:run_until_complete finished with '0'
[7.226s] DEBUG:colcon.colcon_core.event_reactor:joining thread
[7.237s] INFO:colcon.colcon_core.plugin_system:Skipping extension 'colcon_notification.desktop_notification.notify_send': Could not find 'notify-send'
[7.237s] INFO:colcon.colcon_core.plugin_system:Skipping extension 'colcon_notification.desktop_notification.terminal_notifier': Not used on non-Darwin systems
[7.237s] INFO:colcon.colcon_core.plugin_system:Skipping extension 'colcon_notification.desktop_notification.win32': Not used on non-Windows systems
[7.237s] INFO:colcon.colcon_notification.desktop_notification:Sending desktop notification using 'notify2'
[7.239s] DEBUG:colcon.colcon_notification.desktop_notification.notify2:Failed to initialize notify2: org.freedesktop.DBus.Error.Spawn.ExecFailed: /usr/bin/dbus-launch terminated abnormally without any error message
[7.240s] DEBUG:colcon.colcon_core.event_reactor:joined thread
[7.240s] INFO:colcon.colcon_core.shell:Creating prefix script '/workspaces/ros2-develop/rmcs_ws/install/local_setup.ps1'
[7.241s] INFO:colcon.colcon_core.shell:Creating prefix util module '/workspaces/ros2-develop/rmcs_ws/install/_local_setup_util_ps1.py'
[7.243s] INFO:colcon.colcon_core.shell:Creating prefix chain script '/workspaces/ros2-develop/rmcs_ws/install/setup.ps1'
[7.244s] INFO:colcon.colcon_core.shell:Creating prefix script '/workspaces/ros2-develop/rmcs_ws/install/local_setup.sh'
[7.245s] INFO:colcon.colcon_core.shell:Creating prefix util module '/workspaces/ros2-develop/rmcs_ws/install/_local_setup_util_sh.py'
[7.245s] INFO:colcon.colcon_core.shell:Creating prefix chain script '/workspaces/ros2-develop/rmcs_ws/install/setup.sh'
[7.247s] INFO:colcon.colcon_core.shell:Creating prefix script '/workspaces/ros2-develop/rmcs_ws/install/local_setup.bash'
[7.247s] INFO:colcon.colcon_core.shell:Creating prefix chain script '/workspaces/ros2-develop/rmcs_ws/install/setup.bash'
[7.248s] INFO:colcon.colcon_core.shell:Creating prefix script '/workspaces/ros2-develop/rmcs_ws/install/local_setup.zsh'
[7.249s] INFO:colcon.colcon_core.shell:Creating prefix chain script '/workspaces/ros2-develop/rmcs_ws/install/setup.zsh'
