-- Found ament_cmake: 2.5.4 (/opt/ros/jazzy/share/ament_cmake/cmake)
-- Found Python3: /usr/bin/python3 (found version "3.12.3") found components: Interpreter 
-- Found rclcpp: 28.1.10 (/opt/ros/jazzy/share/rclcpp/cmake)
-- Found rosidl_generator_c: 4.6.5 (/opt/ros/jazzy/share/rosidl_generator_c/cmake)
-- Found rosidl_generator_cpp: 4.6.5 (/opt/ros/jazzy/share/rosidl_generator_cpp/cmake)
-- Using all available rosidl_typesupport_c: rosidl_typesupport_fastrtps_c;rosidl_typesupport_introspection_c
-- Using all available rosidl_typesupport_cpp: rosidl_typesupport_fastrtps_cpp;rosidl_typesupport_introspection_cpp
-- Found rmw_implementation_cmake: 7.3.2 (/opt/ros/jazzy/share/rmw_implementation_cmake/cmake)
-- Found rmw_fastrtps_cpp: 8.4.2 (/opt/ros/jazzy/share/rmw_fastrtps_cpp/cmake)
-- Using RMW implementation 'rmw_fastrtps_cpp' as default
-- Found std_msgs: 5.3.6 (/opt/ros/jazzy/share/std_msgs/cmake)
-- Found rosidl_default_generators: 1.6.0 (/opt/ros/jazzy/share/rosidl_default_generators/cmake)
-- Found rosidl_adapter: 4.6.5 (/opt/ros/jazzy/share/rosidl_adapter/cmake)
-- Found ament_cmake_ros: 0.12.0 (/opt/ros/jazzy/share/ament_cmake_ros/cmake)
-- Using all available rosidl_typesupport_c: rosidl_typesupport_fastrtps_c;rosidl_typesupport_introspection_c
-- Using all available rosidl_typesupport_cpp: rosidl_typesupport_fastrtps_cpp;rosidl_typesupport_introspection_cpp
-- Found python_cmake_module: 0.11.1 (/opt/ros/jazzy/share/python_cmake_module/cmake)
-- Found Python3: /usr/bin/python3 (found version "3.12.3") found components: Interpreter Development NumPy Development.Module Development.Embed 
[0mCMake Deprecation Warning at /opt/ros/jazzy/share/rosidl_cmake/cmake/rosidl_target_interfaces.cmake:32 (message):
  Use rosidl_get_typesupport_target() and target_link_libraries() instead of
  rosidl_target_interfaces().  i.e:

    rosidl_get_typesupport_target(cpp_typesupport_target "${PROJECT_NAME}" "rosidl_typesupport_cpp")
    target_link_libraries(${PROJECT_NAME}_node "${cpp_typesupport_target}")

Call Stack (most recent call first):
  CMakeLists.txt:33 (rosidl_target_interfaces)

[0m
[0mCMake Deprecation Warning at /opt/ros/jazzy/share/rosidl_cmake/cmake/rosidl_target_interfaces.cmake:32 (message):
  Use rosidl_get_typesupport_target() and target_link_libraries() instead of
  rosidl_target_interfaces().  i.e:

    rosidl_get_typesupport_target(cpp_typesupport_target "${PROJECT_NAME}" "rosidl_typesupport_cpp")
    target_link_libraries(${PROJECT_NAME}_node "${cpp_typesupport_target}")

Call Stack (most recent call first):
  CMakeLists.txt:39 (rosidl_target_interfaces)

[0m
-- Configuring done (0.9s)
-- Generating done (0.1s)
-- Build files have been written to: /workspaces/ros2-develop/rmcs_ws2/build/cpp_pubsub
[  2%] [34m[1mGenerating type hashes for ROS interfaces[0m
[  2%] Built target ament_cmake_python_copy_cpp_pubsub
[  2%] Built target cpp_pubsub__rosidl_generator_type_description
running egg_info
creating cpp_pubsub.egg-info
[  5%] [34m[1mGenerating C code for ROS interfaces[0m
writing cpp_pubsub.egg-info/PKG-INFO
writing dependency_links to cpp_pubsub.egg-info/dependency_links.txt
writing top-level names to cpp_pubsub.egg-info/top_level.txt
writing manifest file 'cpp_pubsub.egg-info/SOURCES.txt'
[  7%] [34m[1mGenerating C++ code for ROS interfaces[0m
reading manifest file 'cpp_pubsub.egg-info/SOURCES.txt'
writing manifest file 'cpp_pubsub.egg-info/SOURCES.txt'
[  7%] Built target ament_cmake_python_build_cpp_pubsub_egg
[  7%] Built target cpp_pubsub__cpp
[ 13%] [32mBuilding C object CMakeFiles/cpp_pubsub__rosidl_generator_c.dir/rosidl_generator_c/cpp_pubsub/msg/detail/signal__description.c.o[0m
[ 13%] [32mBuilding C object CMakeFiles/cpp_pubsub__rosidl_generator_c.dir/rosidl_generator_c/cpp_pubsub/msg/detail/signal__functions.c.o[0m
[ 15%] [32mBuilding C object CMakeFiles/cpp_pubsub__rosidl_generator_c.dir/rosidl_generator_c/cpp_pubsub/msg/detail/signal__type_support.c.o[0m
[ 18%] [32m[1mLinking C shared library libcpp_pubsub__rosidl_generator_c.so[0m
[ 18%] Built target cpp_pubsub__rosidl_generator_c
[ 23%] [34m[1mGenerating C++ type support dispatch for ROS interfaces[0m
[ 23%] [34m[1mGenerating C introspection for ROS interfaces[0m
[ 26%] [34m[1mGenerating C type support for eProsima Fast-RTPS[0m
[ 28%] [34m[1mGenerating C type support dispatch for ROS interfaces[0m
[ 31%] [34m[1mGenerating C++ type support for eProsima Fast-RTPS[0m
[ 34%] [34m[1mGenerating C++ introspection for ROS interfaces[0m
[ 36%] [32mBuilding CXX object CMakeFiles/cpp_pubsub__rosidl_typesupport_c.dir/rosidl_typesupport_c/cpp_pubsub/msg/signal__type_support.cpp.o[0m
[ 39%] [32mBuilding CXX object CMakeFiles/cpp_pubsub__rosidl_typesupport_cpp.dir/rosidl_typesupport_cpp/cpp_pubsub/msg/signal__type_support.cpp.o[0m
[ 42%] [32mBuilding CXX object CMakeFiles/cpp_pubsub__rosidl_typesupport_introspection_cpp.dir/rosidl_typesupport_introspection_cpp/cpp_pubsub/msg/detail/signal__type_support.cpp.o[0m
[ 44%] [32mBuilding C object CMakeFiles/cpp_pubsub__rosidl_typesupport_introspection_c.dir/rosidl_typesupport_introspection_c/cpp_pubsub/msg/detail/signal__type_support.c.o[0m
[ 47%] [32mBuilding CXX object CMakeFiles/cpp_pubsub__rosidl_typesupport_fastrtps_cpp.dir/rosidl_typesupport_fastrtps_cpp/cpp_pubsub/msg/detail/dds_fastrtps/signal__type_support.cpp.o[0m
[ 50%] [32mBuilding CXX object CMakeFiles/cpp_pubsub__rosidl_typesupport_fastrtps_c.dir/rosidl_typesupport_fastrtps_c/cpp_pubsub/msg/detail/signal__type_support_c.cpp.o[0m
[ 52%] [32m[1mLinking CXX shared library libcpp_pubsub__rosidl_typesupport_c.so[0m
[ 55%] [32m[1mLinking C shared library libcpp_pubsub__rosidl_typesupport_introspection_c.so[0m
[ 55%] Built target cpp_pubsub__rosidl_typesupport_introspection_c
[ 55%] Built target cpp_pubsub__rosidl_typesupport_c
[ 57%] [32m[1mLinking CXX shared library libcpp_pubsub__rosidl_typesupport_cpp.so[0m
[ 60%] [32m[1mLinking CXX shared library libcpp_pubsub__rosidl_typesupport_introspection_cpp.so[0m
[ 60%] Built target cpp_pubsub__rosidl_typesupport_cpp
[ 60%] Built target cpp_pubsub__rosidl_typesupport_introspection_cpp
[ 63%] [32m[1mLinking CXX shared library libcpp_pubsub__rosidl_typesupport_fastrtps_c.so[0m
[ 65%] [32m[1mLinking CXX shared library libcpp_pubsub__rosidl_typesupport_fastrtps_cpp.so[0m
[ 65%] Built target cpp_pubsub__rosidl_typesupport_fastrtps_c
[ 65%] Built target cpp_pubsub__rosidl_typesupport_fastrtps_cpp
[ 65%] Built target cpp_pubsub
[ 73%] [34m[1mGenerating Python code for ROS interfaces[0m
[ 73%] [32mBuilding CXX object CMakeFiles/signal_generator.dir/src/signal_generator.cpp.o[0m
[ 73%] [32mBuilding CXX object CMakeFiles/signal_processor.dir/src/signal_processor.cpp.o[0m
[ 73%] Built target cpp_pubsub__py
[ 76%] [32mBuilding C object CMakeFiles/cpp_pubsub__rosidl_generator_py.dir/rosidl_generator_py/cpp_pubsub/msg/_signal_s.c.o[0m
[ 78%] [32m[1mLinking C shared library libcpp_pubsub__rosidl_generator_py.so[0m
[ 78%] Built target cpp_pubsub__rosidl_generator_py
[ 81%] [32mBuilding C object CMakeFiles/cpp_pubsub_s__rosidl_typesupport_fastrtps_c.dir/rosidl_generator_py/cpp_pubsub/_cpp_pubsub_s.ep.rosidl_typesupport_fastrtps_c.c.o[0m
[ 84%] [32mBuilding C object CMakeFiles/cpp_pubsub_s__rosidl_typesupport_introspection_c.dir/rosidl_generator_py/cpp_pubsub/_cpp_pubsub_s.ep.rosidl_typesupport_introspection_c.c.o[0m
[ 86%] [32mBuilding C object CMakeFiles/cpp_pubsub_s__rosidl_typesupport_c.dir/rosidl_generator_py/cpp_pubsub/_cpp_pubsub_s.ep.rosidl_typesupport_c.c.o[0m
[ 92%] [32m[1mLinking C shared module rosidl_generator_py/cpp_pubsub/cpp_pubsub_s__rosidl_typesupport_introspection_c.so[0m
[ 92%] [32m[1mLinking C shared module rosidl_generator_py/cpp_pubsub/cpp_pubsub_s__rosidl_typesupport_c.so[0m
[ 94%] [32m[1mLinking C shared module rosidl_generator_py/cpp_pubsub/cpp_pubsub_s__rosidl_typesupport_fastrtps_c.so[0m
[ 94%] Built target cpp_pubsub_s__rosidl_typesupport_introspection_c
[ 94%] Built target cpp_pubsub_s__rosidl_typesupport_fastrtps_c
[ 94%] Built target cpp_pubsub_s__rosidl_typesupport_c
[ 97%] [32m[1mLinking CXX executable signal_generator[0m
[ 97%] Built target signal_generator
[100%] [32m[1mLinking CXX executable signal_processor[0m
[100%] Built target signal_processor
-- Install configuration: ""
-- Installing: /workspaces/ros2-develop/rmcs_ws2/install/cpp_pubsub/share/ament_index/resource_index/rosidl_interfaces/cpp_pubsub
-- Installing: /workspaces/ros2-develop/rmcs_ws2/install/cpp_pubsub/share/cpp_pubsub/msg/Signal.json
-- Installing: /workspaces/ros2-develop/rmcs_ws2/install/cpp_pubsub/include/cpp_pubsub/cpp_pubsub
-- Installing: /workspaces/ros2-develop/rmcs_ws2/install/cpp_pubsub/include/cpp_pubsub/cpp_pubsub/msg
-- Installing: /workspaces/ros2-develop/rmcs_ws2/install/cpp_pubsub/include/cpp_pubsub/cpp_pubsub/msg/signal.h
-- Installing: /workspaces/ros2-develop/rmcs_ws2/install/cpp_pubsub/include/cpp_pubsub/cpp_pubsub/msg/detail
-- Installing: /workspaces/ros2-develop/rmcs_ws2/install/cpp_pubsub/include/cpp_pubsub/cpp_pubsub/msg/detail/signal__struct.h
-- Installing: /workspaces/ros2-develop/rmcs_ws2/install/cpp_pubsub/include/cpp_pubsub/cpp_pubsub/msg/detail/signal__type_support.h
-- Installing: /workspaces/ros2-develop/rmcs_ws2/install/cpp_pubsub/include/cpp_pubsub/cpp_pubsub/msg/detail/signal__description.c
-- Installing: /workspaces/ros2-develop/rmcs_ws2/install/cpp_pubsub/include/cpp_pubsub/cpp_pubsub/msg/detail/signal__functions.h
-- Installing: /workspaces/ros2-develop/rmcs_ws2/install/cpp_pubsub/include/cpp_pubsub/cpp_pubsub/msg/detail/signal__type_support.c
-- Installing: /workspaces/ros2-develop/rmcs_ws2/install/cpp_pubsub/include/cpp_pubsub/cpp_pubsub/msg/detail/signal__functions.c
-- Installing: /workspaces/ros2-develop/rmcs_ws2/install/cpp_pubsub/include/cpp_pubsub/cpp_pubsub/msg/rosidl_generator_c__visibility_control.h
-- Installing: /workspaces/ros2-develop/rmcs_ws2/install/cpp_pubsub/share/cpp_pubsub/environment/library_path.sh
-- Installing: /workspaces/ros2-develop/rmcs_ws2/install/cpp_pubsub/share/cpp_pubsub/environment/library_path.dsv
-- Installing: /workspaces/ros2-develop/rmcs_ws2/install/cpp_pubsub/lib/libcpp_pubsub__rosidl_generator_c.so
-- Set non-toolchain portion of runtime path of "/workspaces/ros2-develop/rmcs_ws2/install/cpp_pubsub/lib/libcpp_pubsub__rosidl_generator_c.so" to ""
-- Up-to-date: /workspaces/ros2-develop/rmcs_ws2/install/cpp_pubsub/include/cpp_pubsub/cpp_pubsub
-- Up-to-date: /workspaces/ros2-develop/rmcs_ws2/install/cpp_pubsub/include/cpp_pubsub/cpp_pubsub/msg
-- Installing: /workspaces/ros2-develop/rmcs_ws2/install/cpp_pubsub/include/cpp_pubsub/cpp_pubsub/msg/rosidl_typesupport_fastrtps_c__visibility_control.h
-- Up-to-date: /workspaces/ros2-develop/rmcs_ws2/install/cpp_pubsub/include/cpp_pubsub/cpp_pubsub/msg/detail
-- Installing: /workspaces/ros2-develop/rmcs_ws2/install/cpp_pubsub/include/cpp_pubsub/cpp_pubsub/msg/detail/signal__rosidl_typesupport_fastrtps_c.h
-- Installing: /workspaces/ros2-develop/rmcs_ws2/install/cpp_pubsub/lib/libcpp_pubsub__rosidl_typesupport_fastrtps_c.so
-- Set non-toolchain portion of runtime path of "/workspaces/ros2-develop/rmcs_ws2/install/cpp_pubsub/lib/libcpp_pubsub__rosidl_typesupport_fastrtps_c.so" to ""
-- Up-to-date: /workspaces/ros2-develop/rmcs_ws2/install/cpp_pubsub/include/cpp_pubsub/cpp_pubsub
-- Up-to-date: /workspaces/ros2-develop/rmcs_ws2/install/cpp_pubsub/include/cpp_pubsub/cpp_pubsub/msg
-- Up-to-date: /workspaces/ros2-develop/rmcs_ws2/install/cpp_pubsub/include/cpp_pubsub/cpp_pubsub/msg/detail
-- Installing: /workspaces/ros2-develop/rmcs_ws2/install/cpp_pubsub/include/cpp_pubsub/cpp_pubsub/msg/detail/signal__builder.hpp
-- Installing: /workspaces/ros2-develop/rmcs_ws2/install/cpp_pubsub/include/cpp_pubsub/cpp_pubsub/msg/detail/signal__struct.hpp
-- Installing: /workspaces/ros2-develop/rmcs_ws2/install/cpp_pubsub/include/cpp_pubsub/cpp_pubsub/msg/detail/signal__type_support.hpp
-- Installing: /workspaces/ros2-develop/rmcs_ws2/install/cpp_pubsub/include/cpp_pubsub/cpp_pubsub/msg/detail/signal__traits.hpp
-- Installing: /workspaces/ros2-develop/rmcs_ws2/install/cpp_pubsub/include/cpp_pubsub/cpp_pubsub/msg/signal.hpp
-- Installing: /workspaces/ros2-develop/rmcs_ws2/install/cpp_pubsub/include/cpp_pubsub/cpp_pubsub/msg/rosidl_generator_cpp__visibility_control.hpp
-- Up-to-date: /workspaces/ros2-develop/rmcs_ws2/install/cpp_pubsub/include/cpp_pubsub/cpp_pubsub
-- Up-to-date: /workspaces/ros2-develop/rmcs_ws2/install/cpp_pubsub/include/cpp_pubsub/cpp_pubsub/msg
-- Up-to-date: /workspaces/ros2-develop/rmcs_ws2/install/cpp_pubsub/include/cpp_pubsub/cpp_pubsub/msg/detail
-- Installing: /workspaces/ros2-develop/rmcs_ws2/install/cpp_pubsub/include/cpp_pubsub/cpp_pubsub/msg/detail/signal__rosidl_typesupport_fastrtps_cpp.hpp
-- Installing: /workspaces/ros2-develop/rmcs_ws2/install/cpp_pubsub/include/cpp_pubsub/cpp_pubsub/msg/detail/dds_fastrtps
-- Installing: /workspaces/ros2-develop/rmcs_ws2/install/cpp_pubsub/include/cpp_pubsub/cpp_pubsub/msg/rosidl_typesupport_fastrtps_cpp__visibility_control.h
-- Installing: /workspaces/ros2-develop/rmcs_ws2/install/cpp_pubsub/lib/libcpp_pubsub__rosidl_typesupport_fastrtps_cpp.so
-- Set non-toolchain portion of runtime path of "/workspaces/ros2-develop/rmcs_ws2/install/cpp_pubsub/lib/libcpp_pubsub__rosidl_typesupport_fastrtps_cpp.so" to ""
-- Up-to-date: /workspaces/ros2-develop/rmcs_ws2/install/cpp_pubsub/include/cpp_pubsub/cpp_pubsub
-- Up-to-date: /workspaces/ros2-develop/rmcs_ws2/install/cpp_pubsub/include/cpp_pubsub/cpp_pubsub/msg
-- Up-to-date: /workspaces/ros2-develop/rmcs_ws2/install/cpp_pubsub/include/cpp_pubsub/cpp_pubsub/msg/detail
-- Installing: /workspaces/ros2-develop/rmcs_ws2/install/cpp_pubsub/include/cpp_pubsub/cpp_pubsub/msg/detail/signal__rosidl_typesupport_introspection_c.h
-- Up-to-date: /workspaces/ros2-develop/rmcs_ws2/install/cpp_pubsub/include/cpp_pubsub/cpp_pubsub/msg/detail/signal__type_support.c
-- Installing: /workspaces/ros2-develop/rmcs_ws2/install/cpp_pubsub/include/cpp_pubsub/cpp_pubsub/msg/rosidl_typesupport_introspection_c__visibility_control.h
-- Installing: /workspaces/ros2-develop/rmcs_ws2/install/cpp_pubsub/lib/libcpp_pubsub__rosidl_typesupport_introspection_c.so
-- Set non-toolchain portion of runtime path of "/workspaces/ros2-develop/rmcs_ws2/install/cpp_pubsub/lib/libcpp_pubsub__rosidl_typesupport_introspection_c.so" to ""
-- Installing: /workspaces/ros2-develop/rmcs_ws2/install/cpp_pubsub/lib/libcpp_pubsub__rosidl_typesupport_c.so
-- Set non-toolchain portion of runtime path of "/workspaces/ros2-develop/rmcs_ws2/install/cpp_pubsub/lib/libcpp_pubsub__rosidl_typesupport_c.so" to ""
-- Up-to-date: /workspaces/ros2-develop/rmcs_ws2/install/cpp_pubsub/include/cpp_pubsub/cpp_pubsub
-- Up-to-date: /workspaces/ros2-develop/rmcs_ws2/install/cpp_pubsub/include/cpp_pubsub/cpp_pubsub/msg
-- Up-to-date: /workspaces/ros2-develop/rmcs_ws2/install/cpp_pubsub/include/cpp_pubsub/cpp_pubsub/msg/detail
-- Installing: /workspaces/ros2-develop/rmcs_ws2/install/cpp_pubsub/include/cpp_pubsub/cpp_pubsub/msg/detail/signal__rosidl_typesupport_introspection_cpp.hpp
-- Installing: /workspaces/ros2-develop/rmcs_ws2/install/cpp_pubsub/include/cpp_pubsub/cpp_pubsub/msg/detail/signal__type_support.cpp
-- Installing: /workspaces/ros2-develop/rmcs_ws2/install/cpp_pubsub/lib/libcpp_pubsub__rosidl_typesupport_introspection_cpp.so
-- Set non-toolchain portion of runtime path of "/workspaces/ros2-develop/rmcs_ws2/install/cpp_pubsub/lib/libcpp_pubsub__rosidl_typesupport_introspection_cpp.so" to ""
-- Installing: /workspaces/ros2-develop/rmcs_ws2/install/cpp_pubsub/lib/libcpp_pubsub__rosidl_typesupport_cpp.so
-- Set non-toolchain portion of runtime path of "/workspaces/ros2-develop/rmcs_ws2/install/cpp_pubsub/lib/libcpp_pubsub__rosidl_typesupport_cpp.so" to ""
-- Installing: /workspaces/ros2-develop/rmcs_ws2/install/cpp_pubsub/share/cpp_pubsub/environment/pythonpath.sh
-- Installing: /workspaces/ros2-develop/rmcs_ws2/install/cpp_pubsub/share/cpp_pubsub/environment/pythonpath.dsv
-- Installing: /workspaces/ros2-develop/rmcs_ws2/install/cpp_pubsub/lib/python3.12/site-packages/cpp_pubsub-0.0.0-py3.12.egg-info
-- Installing: /workspaces/ros2-develop/rmcs_ws2/install/cpp_pubsub/lib/python3.12/site-packages/cpp_pubsub-0.0.0-py3.12.egg-info/top_level.txt
-- Installing: /workspaces/ros2-develop/rmcs_ws2/install/cpp_pubsub/lib/python3.12/site-packages/cpp_pubsub-0.0.0-py3.12.egg-info/dependency_links.txt
-- Installing: /workspaces/ros2-develop/rmcs_ws2/install/cpp_pubsub/lib/python3.12/site-packages/cpp_pubsub-0.0.0-py3.12.egg-info/PKG-INFO
-- Installing: /workspaces/ros2-develop/rmcs_ws2/install/cpp_pubsub/lib/python3.12/site-packages/cpp_pubsub-0.0.0-py3.12.egg-info/SOURCES.txt
-- Installing: /workspaces/ros2-develop/rmcs_ws2/install/cpp_pubsub/lib/python3.12/site-packages/cpp_pubsub
-- Installing: /workspaces/ros2-develop/rmcs_ws2/install/cpp_pubsub/lib/python3.12/site-packages/cpp_pubsub/cpp_pubsub_s__rosidl_typesupport_c.so
-- Installing: /workspaces/ros2-develop/rmcs_ws2/install/cpp_pubsub/lib/python3.12/site-packages/cpp_pubsub/msg
-- Installing: /workspaces/ros2-develop/rmcs_ws2/install/cpp_pubsub/lib/python3.12/site-packages/cpp_pubsub/msg/_signal_s.c
-- Installing: /workspaces/ros2-develop/rmcs_ws2/install/cpp_pubsub/lib/python3.12/site-packages/cpp_pubsub/msg/_signal.py
-- Installing: /workspaces/ros2-develop/rmcs_ws2/install/cpp_pubsub/lib/python3.12/site-packages/cpp_pubsub/msg/__init__.py
-- Installing: /workspaces/ros2-develop/rmcs_ws2/install/cpp_pubsub/lib/python3.12/site-packages/cpp_pubsub/_cpp_pubsub_s.ep.rosidl_typesupport_introspection_c.c
-- Installing: /workspaces/ros2-develop/rmcs_ws2/install/cpp_pubsub/lib/python3.12/site-packages/cpp_pubsub/_cpp_pubsub_s.ep.rosidl_typesupport_fastrtps_c.c
-- Installing: /workspaces/ros2-develop/rmcs_ws2/install/cpp_pubsub/lib/python3.12/site-packages/cpp_pubsub/cpp_pubsub_s__rosidl_typesupport_introspection_c.so
-- Installing: /workspaces/ros2-develop/rmcs_ws2/install/cpp_pubsub/lib/python3.12/site-packages/cpp_pubsub/cpp_pubsub_s__rosidl_typesupport_fastrtps_c.so
-- Installing: /workspaces/ros2-develop/rmcs_ws2/install/cpp_pubsub/lib/python3.12/site-packages/cpp_pubsub/__init__.py
-- Installing: /workspaces/ros2-develop/rmcs_ws2/install/cpp_pubsub/lib/python3.12/site-packages/cpp_pubsub/_cpp_pubsub_s.ep.rosidl_typesupport_c.c
Listing '/workspaces/ros2-develop/rmcs_ws2/install/cpp_pubsub/lib/python3.12/site-packages/cpp_pubsub'...
Compiling '/workspaces/ros2-develop/rmcs_ws2/install/cpp_pubsub/lib/python3.12/site-packages/cpp_pubsub/__init__.py'...
Listing '/workspaces/ros2-develop/rmcs_ws2/install/cpp_pubsub/lib/python3.12/site-packages/cpp_pubsub/msg'...
Compiling '/workspaces/ros2-develop/rmcs_ws2/install/cpp_pubsub/lib/python3.12/site-packages/cpp_pubsub/msg/__init__.py'...
Compiling '/workspaces/ros2-develop/rmcs_ws2/install/cpp_pubsub/lib/python3.12/site-packages/cpp_pubsub/msg/_signal.py'...
-- Installing: /workspaces/ros2-develop/rmcs_ws2/install/cpp_pubsub/lib/python3.12/site-packages/cpp_pubsub/cpp_pubsub_s__rosidl_typesupport_fastrtps_c.so
-- Set non-toolchain portion of runtime path of "/workspaces/ros2-develop/rmcs_ws2/install/cpp_pubsub/lib/python3.12/site-packages/cpp_pubsub/cpp_pubsub_s__rosidl_typesupport_fastrtps_c.so" to ""
-- Installing: /workspaces/ros2-develop/rmcs_ws2/install/cpp_pubsub/lib/python3.12/site-packages/cpp_pubsub/cpp_pubsub_s__rosidl_typesupport_introspection_c.so
-- Set non-toolchain portion of runtime path of "/workspaces/ros2-develop/rmcs_ws2/install/cpp_pubsub/lib/python3.12/site-packages/cpp_pubsub/cpp_pubsub_s__rosidl_typesupport_introspection_c.so" to ""
-- Installing: /workspaces/ros2-develop/rmcs_ws2/install/cpp_pubsub/lib/python3.12/site-packages/cpp_pubsub/cpp_pubsub_s__rosidl_typesupport_c.so
-- Set non-toolchain portion of runtime path of "/workspaces/ros2-develop/rmcs_ws2/install/cpp_pubsub/lib/python3.12/site-packages/cpp_pubsub/cpp_pubsub_s__rosidl_typesupport_c.so" to ""
-- Installing: /workspaces/ros2-develop/rmcs_ws2/install/cpp_pubsub/lib/libcpp_pubsub__rosidl_generator_py.so
-- Set non-toolchain portion of runtime path of "/workspaces/ros2-develop/rmcs_ws2/install/cpp_pubsub/lib/libcpp_pubsub__rosidl_generator_py.so" to ""
-- Installing: /workspaces/ros2-develop/rmcs_ws2/install/cpp_pubsub/share/cpp_pubsub/msg/Signal.idl
-- Installing: /workspaces/ros2-develop/rmcs_ws2/install/cpp_pubsub/share/cpp_pubsub/msg/Signal.msg
-- Installing: /workspaces/ros2-develop/rmcs_ws2/install/cpp_pubsub/lib/cpp_pubsub/signal_generator
-- Set non-toolchain portion of runtime path of "/workspaces/ros2-develop/rmcs_ws2/install/cpp_pubsub/lib/cpp_pubsub/signal_generator" to ""
-- Installing: /workspaces/ros2-develop/rmcs_ws2/install/cpp_pubsub/lib/cpp_pubsub/signal_processor
-- Set non-toolchain portion of runtime path of "/workspaces/ros2-develop/rmcs_ws2/install/cpp_pubsub/lib/cpp_pubsub/signal_processor" to ""
-- Installing: /workspaces/ros2-develop/rmcs_ws2/install/cpp_pubsub/share/ament_index/resource_index/package_run_dependencies/cpp_pubsub
-- Installing: /workspaces/ros2-develop/rmcs_ws2/install/cpp_pubsub/share/ament_index/resource_index/parent_prefix_path/cpp_pubsub
-- Installing: /workspaces/ros2-develop/rmcs_ws2/install/cpp_pubsub/share/cpp_pubsub/environment/ament_prefix_path.sh
-- Installing: /workspaces/ros2-develop/rmcs_ws2/install/cpp_pubsub/share/cpp_pubsub/environment/ament_prefix_path.dsv
-- Installing: /workspaces/ros2-develop/rmcs_ws2/install/cpp_pubsub/share/cpp_pubsub/environment/path.sh
-- Installing: /workspaces/ros2-develop/rmcs_ws2/install/cpp_pubsub/share/cpp_pubsub/environment/path.dsv
-- Installing: /workspaces/ros2-develop/rmcs_ws2/install/cpp_pubsub/share/cpp_pubsub/local_setup.bash
-- Installing: /workspaces/ros2-develop/rmcs_ws2/install/cpp_pubsub/share/cpp_pubsub/local_setup.sh
-- Installing: /workspaces/ros2-develop/rmcs_ws2/install/cpp_pubsub/share/cpp_pubsub/local_setup.zsh
-- Installing: /workspaces/ros2-develop/rmcs_ws2/install/cpp_pubsub/share/cpp_pubsub/local_setup.dsv
-- Installing: /workspaces/ros2-develop/rmcs_ws2/install/cpp_pubsub/share/cpp_pubsub/package.dsv
-- Installing: /workspaces/ros2-develop/rmcs_ws2/install/cpp_pubsub/share/ament_index/resource_index/packages/cpp_pubsub
-- Installing: /workspaces/ros2-develop/rmcs_ws2/install/cpp_pubsub/share/cpp_pubsub/cmake/export_cpp_pubsub__rosidl_generator_cExport.cmake
-- Installing: /workspaces/ros2-develop/rmcs_ws2/install/cpp_pubsub/share/cpp_pubsub/cmake/export_cpp_pubsub__rosidl_generator_cExport-noconfig.cmake
-- Installing: /workspaces/ros2-develop/rmcs_ws2/install/cpp_pubsub/share/cpp_pubsub/cmake/export_cpp_pubsub__rosidl_typesupport_fastrtps_cExport.cmake
-- Installing: /workspaces/ros2-develop/rmcs_ws2/install/cpp_pubsub/share/cpp_pubsub/cmake/export_cpp_pubsub__rosidl_typesupport_fastrtps_cExport-noconfig.cmake
-- Installing: /workspaces/ros2-develop/rmcs_ws2/install/cpp_pubsub/share/cpp_pubsub/cmake/export_cpp_pubsub__rosidl_generator_cppExport.cmake
-- Installing: /workspaces/ros2-develop/rmcs_ws2/install/cpp_pubsub/share/cpp_pubsub/cmake/export_cpp_pubsub__rosidl_typesupport_fastrtps_cppExport.cmake
-- Installing: /workspaces/ros2-develop/rmcs_ws2/install/cpp_pubsub/share/cpp_pubsub/cmake/export_cpp_pubsub__rosidl_typesupport_fastrtps_cppExport-noconfig.cmake
-- Installing: /workspaces/ros2-develop/rmcs_ws2/install/cpp_pubsub/share/cpp_pubsub/cmake/cpp_pubsub__rosidl_typesupport_introspection_cExport.cmake
-- Installing: /workspaces/ros2-develop/rmcs_ws2/install/cpp_pubsub/share/cpp_pubsub/cmake/cpp_pubsub__rosidl_typesupport_introspection_cExport-noconfig.cmake
-- Installing: /workspaces/ros2-develop/rmcs_ws2/install/cpp_pubsub/share/cpp_pubsub/cmake/cpp_pubsub__rosidl_typesupport_cExport.cmake
-- Installing: /workspaces/ros2-develop/rmcs_ws2/install/cpp_pubsub/share/cpp_pubsub/cmake/cpp_pubsub__rosidl_typesupport_cExport-noconfig.cmake
-- Installing: /workspaces/ros2-develop/rmcs_ws2/install/cpp_pubsub/share/cpp_pubsub/cmake/cpp_pubsub__rosidl_typesupport_introspection_cppExport.cmake
-- Installing: /workspaces/ros2-develop/rmcs_ws2/install/cpp_pubsub/share/cpp_pubsub/cmake/cpp_pubsub__rosidl_typesupport_introspection_cppExport-noconfig.cmake
-- Installing: /workspaces/ros2-develop/rmcs_ws2/install/cpp_pubsub/share/cpp_pubsub/cmake/cpp_pubsub__rosidl_typesupport_cppExport.cmake
-- Installing: /workspaces/ros2-develop/rmcs_ws2/install/cpp_pubsub/share/cpp_pubsub/cmake/cpp_pubsub__rosidl_typesupport_cppExport-noconfig.cmake
-- Installing: /workspaces/ros2-develop/rmcs_ws2/install/cpp_pubsub/share/cpp_pubsub/cmake/export_cpp_pubsub__rosidl_generator_pyExport.cmake
-- Installing: /workspaces/ros2-develop/rmcs_ws2/install/cpp_pubsub/share/cpp_pubsub/cmake/export_cpp_pubsub__rosidl_generator_pyExport-noconfig.cmake
-- Installing: /workspaces/ros2-develop/rmcs_ws2/install/cpp_pubsub/share/cpp_pubsub/cmake/rosidl_cmake-extras.cmake
-- Installing: /workspaces/ros2-develop/rmcs_ws2/install/cpp_pubsub/share/cpp_pubsub/cmake/ament_cmake_export_dependencies-extras.cmake
-- Installing: /workspaces/ros2-develop/rmcs_ws2/install/cpp_pubsub/share/cpp_pubsub/cmake/ament_cmake_export_include_directories-extras.cmake
-- Installing: /workspaces/ros2-develop/rmcs_ws2/install/cpp_pubsub/share/cpp_pubsub/cmake/ament_cmake_export_libraries-extras.cmake
-- Installing: /workspaces/ros2-develop/rmcs_ws2/install/cpp_pubsub/share/cpp_pubsub/cmake/ament_cmake_export_targets-extras.cmake
-- Installing: /workspaces/ros2-develop/rmcs_ws2/install/cpp_pubsub/share/cpp_pubsub/cmake/rosidl_cmake_export_typesupport_targets-extras.cmake
-- Installing: /workspaces/ros2-develop/rmcs_ws2/install/cpp_pubsub/share/cpp_pubsub/cmake/rosidl_cmake_export_typesupport_libraries-extras.cmake
-- Installing: /workspaces/ros2-develop/rmcs_ws2/install/cpp_pubsub/share/cpp_pubsub/cmake/cpp_pubsubConfig.cmake
-- Installing: /workspaces/ros2-develop/rmcs_ws2/install/cpp_pubsub/share/cpp_pubsub/cmake/cpp_pubsubConfig-version.cmake
-- Installing: /workspaces/ros2-develop/rmcs_ws2/install/cpp_pubsub/share/cpp_pubsub/package.xml
