[0.009s] Invoking command in '/workspaces/ros2-develop/rmcs_ws2/build/cpp_pubsub': CMAKE_PREFIX_PATH=${CMAKE_PREFIX_PATH}:/opt/ros/jazzy /usr/bin/cmake /workspaces/ros2-develop/rmcs_ws2/src/cpp_pubsub -DCMAKE_INSTALL_PREFIX=/workspaces/ros2-develop/rmcs_ws2/install/cpp_pubsub
[0.020s] -- Found ament_cmake: 2.5.4 (/opt/ros/jazzy/share/ament_cmake/cmake)
[0.035s] -- Found Python3: /usr/bin/python3 (found version "3.12.3") found components: Interpreter 
[0.099s] -- Found rclcpp: 28.1.10 (/opt/ros/jazzy/share/rclcpp/cmake)
[0.119s] -- Found rosidl_generator_c: 4.6.5 (/opt/ros/jazzy/share/rosidl_generator_c/cmake)
[0.125s] -- Found rosidl_generator_cpp: 4.6.5 (/opt/ros/jazzy/share/rosidl_generator_cpp/cmake)
[0.133s] -- Using all available rosidl_typesupport_c: rosidl_typesupport_fastrtps_c;rosidl_typesupport_introspection_c
[0.141s] -- Using all available rosidl_typesupport_cpp: rosidl_typesupport_fastrtps_cpp;rosidl_typesupport_introspection_cpp
[0.191s] -- Found rmw_implementation_cmake: 7.3.2 (/opt/ros/jazzy/share/rmw_implementation_cmake/cmake)
[0.192s] -- Found rmw_fastrtps_cpp: 8.4.2 (/opt/ros/jazzy/share/rmw_fastrtps_cpp/cmake)
[0.238s] -- Using RMW implementation 'rmw_fastrtps_cpp' as default
[0.283s] -- Found std_msgs: 5.3.6 (/opt/ros/jazzy/share/std_msgs/cmake)
[0.292s] -- Found rosidl_default_generators: 1.6.0 (/opt/ros/jazzy/share/rosidl_default_generators/cmake)
[0.297s] -- Found rosidl_adapter: 4.6.5 (/opt/ros/jazzy/share/rosidl_adapter/cmake)
[0.485s] -- Found ament_cmake_ros: 0.12.0 (/opt/ros/jazzy/share/ament_cmake_ros/cmake)
[0.622s] -- Using all available rosidl_typesupport_c: rosidl_typesupport_fastrtps_c;rosidl_typesupport_introspection_c
[0.674s] -- Using all available rosidl_typesupport_cpp: rosidl_typesupport_fastrtps_cpp;rosidl_typesupport_introspection_cpp
[0.675s] -- Found python_cmake_module: 0.11.1 (/opt/ros/jazzy/share/python_cmake_module/cmake)
[0.870s] -- Found Python3: /usr/bin/python3 (found version "3.12.3") found components: Interpreter Development NumPy Development.Module Development.Embed 
[0.887s] [0mCMake Deprecation Warning at /opt/ros/jazzy/share/rosidl_cmake/cmake/rosidl_target_interfaces.cmake:32 (message):
[0.887s]   Use rosidl_get_typesupport_target() and target_link_libraries() instead of
[0.887s]   rosidl_target_interfaces().  i.e:
[0.887s] 
[0.887s]     rosidl_get_typesupport_target(cpp_typesupport_target "${PROJECT_NAME}" "rosidl_typesupport_cpp")
[0.887s]     target_link_libraries(${PROJECT_NAME}_node "${cpp_typesupport_target}")
[0.887s] 
[0.887s] Call Stack (most recent call first):
[0.887s]   CMakeLists.txt:33 (rosidl_target_interfaces)
[0.887s] 
[0.887s] [0m
[0.888s] [0mCMake Deprecation Warning at /opt/ros/jazzy/share/rosidl_cmake/cmake/rosidl_target_interfaces.cmake:32 (message):
[0.888s]   Use rosidl_get_typesupport_target() and target_link_libraries() instead of
[0.888s]   rosidl_target_interfaces().  i.e:
[0.888s] 
[0.888s]     rosidl_get_typesupport_target(cpp_typesupport_target "${PROJECT_NAME}" "rosidl_typesupport_cpp")
[0.888s]     target_link_libraries(${PROJECT_NAME}_node "${cpp_typesupport_target}")
[0.888s] 
[0.888s] Call Stack (most recent call first):
[0.888s]   CMakeLists.txt:39 (rosidl_target_interfaces)
[0.888s] 
[0.888s] [0m
[0.891s] -- Configuring done (0.9s)
[0.981s] -- Generating done (0.1s)
[0.992s] -- Build files have been written to: /workspaces/ros2-develop/rmcs_ws2/build/cpp_pubsub
[0.999s] Invoked command in '/workspaces/ros2-develop/rmcs_ws2/build/cpp_pubsub' returned '0': CMAKE_PREFIX_PATH=${CMAKE_PREFIX_PATH}:/opt/ros/jazzy /usr/bin/cmake /workspaces/ros2-develop/rmcs_ws2/src/cpp_pubsub -DCMAKE_INSTALL_PREFIX=/workspaces/ros2-develop/rmcs_ws2/install/cpp_pubsub
[1.000s] Invoking command in '/workspaces/ros2-develop/rmcs_ws2/build/cpp_pubsub': CMAKE_PREFIX_PATH=${CMAKE_PREFIX_PATH}:/opt/ros/jazzy /usr/bin/cmake --build /workspaces/ros2-develop/rmcs_ws2/build/cpp_pubsub -- -j18 -l18
[1.040s] [  2%] [34m[1mGenerating type hashes for ROS interfaces[0m
[1.046s] [  2%] Built target ament_cmake_python_copy_cpp_pubsub
[1.178s] [  2%] Built target cpp_pubsub__rosidl_generator_type_description
[1.183s] running egg_info
[1.184s] creating cpp_pubsub.egg-info
[1.190s] [  5%] [34m[1mGenerating C code for ROS interfaces[0m
[1.196s] writing cpp_pubsub.egg-info/PKG-INFO
[1.197s] writing dependency_links to cpp_pubsub.egg-info/dependency_links.txt
[1.197s] writing top-level names to cpp_pubsub.egg-info/top_level.txt
[1.197s] writing manifest file 'cpp_pubsub.egg-info/SOURCES.txt'
[1.200s] [  7%] [34m[1mGenerating C++ code for ROS interfaces[0m
[1.226s] reading manifest file 'cpp_pubsub.egg-info/SOURCES.txt'
[1.227s] writing manifest file 'cpp_pubsub.egg-info/SOURCES.txt'
[1.249s] [  7%] Built target ament_cmake_python_build_cpp_pubsub_egg
[1.357s] [  7%] Built target cpp_pubsub__cpp
[1.376s] [ 13%] [32mBuilding C object CMakeFiles/cpp_pubsub__rosidl_generator_c.dir/rosidl_generator_c/cpp_pubsub/msg/detail/signal__description.c.o[0m
[1.376s] [ 13%] [32mBuilding C object CMakeFiles/cpp_pubsub__rosidl_generator_c.dir/rosidl_generator_c/cpp_pubsub/msg/detail/signal__functions.c.o[0m
[1.376s] [ 15%] [32mBuilding C object CMakeFiles/cpp_pubsub__rosidl_generator_c.dir/rosidl_generator_c/cpp_pubsub/msg/detail/signal__type_support.c.o[0m
[1.427s] [ 18%] [32m[1mLinking C shared library libcpp_pubsub__rosidl_generator_c.so[0m
[1.456s] [ 18%] Built target cpp_pubsub__rosidl_generator_c
[1.464s] [ 23%] [34m[1mGenerating C++ type support dispatch for ROS interfaces[0m
[1.464s] [ 23%] [34m[1mGenerating C introspection for ROS interfaces[0m
[1.464s] [ 26%] [34m[1mGenerating C type support for eProsima Fast-RTPS[0m
[1.465s] [ 28%] [34m[1mGenerating C type support dispatch for ROS interfaces[0m
[1.465s] [ 31%] [34m[1mGenerating C++ type support for eProsima Fast-RTPS[0m
[1.468s] [ 34%] [34m[1mGenerating C++ introspection for ROS interfaces[0m
[1.687s] [ 36%] [32mBuilding CXX object CMakeFiles/cpp_pubsub__rosidl_typesupport_c.dir/rosidl_typesupport_c/cpp_pubsub/msg/signal__type_support.cpp.o[0m
[1.692s] [ 39%] [32mBuilding CXX object CMakeFiles/cpp_pubsub__rosidl_typesupport_cpp.dir/rosidl_typesupport_cpp/cpp_pubsub/msg/signal__type_support.cpp.o[0m
[1.702s] [ 42%] [32mBuilding CXX object CMakeFiles/cpp_pubsub__rosidl_typesupport_introspection_cpp.dir/rosidl_typesupport_introspection_cpp/cpp_pubsub/msg/detail/signal__type_support.cpp.o[0m
[1.704s] [ 44%] [32mBuilding C object CMakeFiles/cpp_pubsub__rosidl_typesupport_introspection_c.dir/rosidl_typesupport_introspection_c/cpp_pubsub/msg/detail/signal__type_support.c.o[0m
[1.724s] [ 47%] [32mBuilding CXX object CMakeFiles/cpp_pubsub__rosidl_typesupport_fastrtps_cpp.dir/rosidl_typesupport_fastrtps_cpp/cpp_pubsub/msg/detail/dds_fastrtps/signal__type_support.cpp.o[0m
[1.724s] [ 50%] [32mBuilding CXX object CMakeFiles/cpp_pubsub__rosidl_typesupport_fastrtps_c.dir/rosidl_typesupport_fastrtps_c/cpp_pubsub/msg/detail/signal__type_support_c.cpp.o[0m
[1.736s] [ 52%] [32m[1mLinking CXX shared library libcpp_pubsub__rosidl_typesupport_c.so[0m
[1.740s] [ 55%] [32m[1mLinking C shared library libcpp_pubsub__rosidl_typesupport_introspection_c.so[0m
[1.769s] [ 55%] Built target cpp_pubsub__rosidl_typesupport_introspection_c
[1.774s] [ 55%] Built target cpp_pubsub__rosidl_typesupport_c
[1.953s] [ 57%] [32m[1mLinking CXX shared library libcpp_pubsub__rosidl_typesupport_cpp.so[0m
[1.962s] [ 60%] [32m[1mLinking CXX shared library libcpp_pubsub__rosidl_typesupport_introspection_cpp.so[0m
[1.987s] [ 60%] Built target cpp_pubsub__rosidl_typesupport_cpp
[1.997s] [ 60%] Built target cpp_pubsub__rosidl_typesupport_introspection_cpp
[2.095s] [ 63%] [32m[1mLinking CXX shared library libcpp_pubsub__rosidl_typesupport_fastrtps_c.so[0m
[2.096s] [ 65%] [32m[1mLinking CXX shared library libcpp_pubsub__rosidl_typesupport_fastrtps_cpp.so[0m
[2.136s] [ 65%] Built target cpp_pubsub__rosidl_typesupport_fastrtps_c
[2.136s] [ 65%] Built target cpp_pubsub__rosidl_typesupport_fastrtps_cpp
[2.152s] [ 65%] Built target cpp_pubsub
[2.167s] [ 73%] [34m[1mGenerating Python code for ROS interfaces[0m
[2.168s] [ 73%] [32mBuilding CXX object CMakeFiles/signal_generator.dir/src/signal_generator.cpp.o[0m
[2.168s] [ 73%] [32mBuilding CXX object CMakeFiles/signal_processor.dir/src/signal_processor.cpp.o[0m
[2.345s] [ 73%] Built target cpp_pubsub__py
[2.363s] [ 76%] [32mBuilding C object CMakeFiles/cpp_pubsub__rosidl_generator_py.dir/rosidl_generator_py/cpp_pubsub/msg/_signal_s.c.o[0m
[2.502s] [ 78%] [32m[1mLinking C shared library libcpp_pubsub__rosidl_generator_py.so[0m
[2.539s] [ 78%] Built target cpp_pubsub__rosidl_generator_py
[2.557s] [ 81%] [32mBuilding C object CMakeFiles/cpp_pubsub_s__rosidl_typesupport_fastrtps_c.dir/rosidl_generator_py/cpp_pubsub/_cpp_pubsub_s.ep.rosidl_typesupport_fastrtps_c.c.o[0m
[2.559s] [ 84%] [32mBuilding C object CMakeFiles/cpp_pubsub_s__rosidl_typesupport_introspection_c.dir/rosidl_generator_py/cpp_pubsub/_cpp_pubsub_s.ep.rosidl_typesupport_introspection_c.c.o[0m
[2.559s] [ 86%] [32mBuilding C object CMakeFiles/cpp_pubsub_s__rosidl_typesupport_c.dir/rosidl_generator_py/cpp_pubsub/_cpp_pubsub_s.ep.rosidl_typesupport_c.c.o[0m
[2.714s] [ 92%] [32m[1mLinking C shared module rosidl_generator_py/cpp_pubsub/cpp_pubsub_s__rosidl_typesupport_introspection_c.so[0m
[2.714s] [ 92%] [32m[1mLinking C shared module rosidl_generator_py/cpp_pubsub/cpp_pubsub_s__rosidl_typesupport_c.so[0m
[2.714s] [ 94%] [32m[1mLinking C shared module rosidl_generator_py/cpp_pubsub/cpp_pubsub_s__rosidl_typesupport_fastrtps_c.so[0m
[2.739s] [ 94%] Built target cpp_pubsub_s__rosidl_typesupport_introspection_c
[2.744s] [ 94%] Built target cpp_pubsub_s__rosidl_typesupport_fastrtps_c
[2.744s] [ 94%] Built target cpp_pubsub_s__rosidl_typesupport_c
[5.872s] [ 97%] [32m[1mLinking CXX executable signal_generator[0m
[6.069s] [ 97%] Built target signal_generator
[8.888s] [100%] [32m[1mLinking CXX executable signal_processor[0m
[9.100s] [100%] Built target signal_processor
[9.111s] Invoked command in '/workspaces/ros2-develop/rmcs_ws2/build/cpp_pubsub' returned '0': CMAKE_PREFIX_PATH=${CMAKE_PREFIX_PATH}:/opt/ros/jazzy /usr/bin/cmake --build /workspaces/ros2-develop/rmcs_ws2/build/cpp_pubsub -- -j18 -l18
[9.118s] Invoking command in '/workspaces/ros2-develop/rmcs_ws2/build/cpp_pubsub': CMAKE_PREFIX_PATH=${CMAKE_PREFIX_PATH}:/opt/ros/jazzy /usr/bin/cmake --install /workspaces/ros2-develop/rmcs_ws2/build/cpp_pubsub
[9.124s] -- Install configuration: ""
[9.125s] -- Installing: /workspaces/ros2-develop/rmcs_ws2/install/cpp_pubsub/share/ament_index/resource_index/rosidl_interfaces/cpp_pubsub
[9.125s] -- Installing: /workspaces/ros2-develop/rmcs_ws2/install/cpp_pubsub/share/cpp_pubsub/msg/Signal.json
[9.125s] -- Installing: /workspaces/ros2-develop/rmcs_ws2/install/cpp_pubsub/include/cpp_pubsub/cpp_pubsub
[9.126s] -- Installing: /workspaces/ros2-develop/rmcs_ws2/install/cpp_pubsub/include/cpp_pubsub/cpp_pubsub/msg
[9.126s] -- Installing: /workspaces/ros2-develop/rmcs_ws2/install/cpp_pubsub/include/cpp_pubsub/cpp_pubsub/msg/signal.h
[9.126s] -- Installing: /workspaces/ros2-develop/rmcs_ws2/install/cpp_pubsub/include/cpp_pubsub/cpp_pubsub/msg/detail
[9.126s] -- Installing: /workspaces/ros2-develop/rmcs_ws2/install/cpp_pubsub/include/cpp_pubsub/cpp_pubsub/msg/detail/signal__struct.h
[9.127s] -- Installing: /workspaces/ros2-develop/rmcs_ws2/install/cpp_pubsub/include/cpp_pubsub/cpp_pubsub/msg/detail/signal__type_support.h
[9.127s] -- Installing: /workspaces/ros2-develop/rmcs_ws2/install/cpp_pubsub/include/cpp_pubsub/cpp_pubsub/msg/detail/signal__description.c
[9.127s] -- Installing: /workspaces/ros2-develop/rmcs_ws2/install/cpp_pubsub/include/cpp_pubsub/cpp_pubsub/msg/detail/signal__functions.h
[9.127s] -- Installing: /workspaces/ros2-develop/rmcs_ws2/install/cpp_pubsub/include/cpp_pubsub/cpp_pubsub/msg/detail/signal__type_support.c
[9.127s] -- Installing: /workspaces/ros2-develop/rmcs_ws2/install/cpp_pubsub/include/cpp_pubsub/cpp_pubsub/msg/detail/signal__functions.c
[9.127s] -- Installing: /workspaces/ros2-develop/rmcs_ws2/install/cpp_pubsub/include/cpp_pubsub/cpp_pubsub/msg/rosidl_generator_c__visibility_control.h
[9.128s] -- Installing: /workspaces/ros2-develop/rmcs_ws2/install/cpp_pubsub/share/cpp_pubsub/environment/library_path.sh
[9.128s] -- Installing: /workspaces/ros2-develop/rmcs_ws2/install/cpp_pubsub/share/cpp_pubsub/environment/library_path.dsv
[9.128s] -- Installing: /workspaces/ros2-develop/rmcs_ws2/install/cpp_pubsub/lib/libcpp_pubsub__rosidl_generator_c.so
[9.128s] -- Set non-toolchain portion of runtime path of "/workspaces/ros2-develop/rmcs_ws2/install/cpp_pubsub/lib/libcpp_pubsub__rosidl_generator_c.so" to ""
[9.128s] -- Up-to-date: /workspaces/ros2-develop/rmcs_ws2/install/cpp_pubsub/include/cpp_pubsub/cpp_pubsub
[9.128s] -- Up-to-date: /workspaces/ros2-develop/rmcs_ws2/install/cpp_pubsub/include/cpp_pubsub/cpp_pubsub/msg
[9.128s] -- Installing: /workspaces/ros2-develop/rmcs_ws2/install/cpp_pubsub/include/cpp_pubsub/cpp_pubsub/msg/rosidl_typesupport_fastrtps_c__visibility_control.h
[9.128s] -- Up-to-date: /workspaces/ros2-develop/rmcs_ws2/install/cpp_pubsub/include/cpp_pubsub/cpp_pubsub/msg/detail
[9.128s] -- Installing: /workspaces/ros2-develop/rmcs_ws2/install/cpp_pubsub/include/cpp_pubsub/cpp_pubsub/msg/detail/signal__rosidl_typesupport_fastrtps_c.h
[9.129s] -- Installing: /workspaces/ros2-develop/rmcs_ws2/install/cpp_pubsub/lib/libcpp_pubsub__rosidl_typesupport_fastrtps_c.so
[9.129s] -- Set non-toolchain portion of runtime path of "/workspaces/ros2-develop/rmcs_ws2/install/cpp_pubsub/lib/libcpp_pubsub__rosidl_typesupport_fastrtps_c.so" to ""
[9.129s] -- Up-to-date: /workspaces/ros2-develop/rmcs_ws2/install/cpp_pubsub/include/cpp_pubsub/cpp_pubsub
[9.129s] -- Up-to-date: /workspaces/ros2-develop/rmcs_ws2/install/cpp_pubsub/include/cpp_pubsub/cpp_pubsub/msg
[9.129s] -- Up-to-date: /workspaces/ros2-develop/rmcs_ws2/install/cpp_pubsub/include/cpp_pubsub/cpp_pubsub/msg/detail
[9.129s] -- Installing: /workspaces/ros2-develop/rmcs_ws2/install/cpp_pubsub/include/cpp_pubsub/cpp_pubsub/msg/detail/signal__builder.hpp
[9.129s] -- Installing: /workspaces/ros2-develop/rmcs_ws2/install/cpp_pubsub/include/cpp_pubsub/cpp_pubsub/msg/detail/signal__struct.hpp
[9.129s] -- Installing: /workspaces/ros2-develop/rmcs_ws2/install/cpp_pubsub/include/cpp_pubsub/cpp_pubsub/msg/detail/signal__type_support.hpp
[9.130s] -- Installing: /workspaces/ros2-develop/rmcs_ws2/install/cpp_pubsub/include/cpp_pubsub/cpp_pubsub/msg/detail/signal__traits.hpp
[9.130s] -- Installing: /workspaces/ros2-develop/rmcs_ws2/install/cpp_pubsub/include/cpp_pubsub/cpp_pubsub/msg/signal.hpp
[9.130s] -- Installing: /workspaces/ros2-develop/rmcs_ws2/install/cpp_pubsub/include/cpp_pubsub/cpp_pubsub/msg/rosidl_generator_cpp__visibility_control.hpp
[9.130s] -- Up-to-date: /workspaces/ros2-develop/rmcs_ws2/install/cpp_pubsub/include/cpp_pubsub/cpp_pubsub
[9.130s] -- Up-to-date: /workspaces/ros2-develop/rmcs_ws2/install/cpp_pubsub/include/cpp_pubsub/cpp_pubsub/msg
[9.130s] -- Up-to-date: /workspaces/ros2-develop/rmcs_ws2/install/cpp_pubsub/include/cpp_pubsub/cpp_pubsub/msg/detail
[9.130s] -- Installing: /workspaces/ros2-develop/rmcs_ws2/install/cpp_pubsub/include/cpp_pubsub/cpp_pubsub/msg/detail/signal__rosidl_typesupport_fastrtps_cpp.hpp
[9.130s] -- Installing: /workspaces/ros2-develop/rmcs_ws2/install/cpp_pubsub/include/cpp_pubsub/cpp_pubsub/msg/detail/dds_fastrtps
[9.130s] -- Installing: /workspaces/ros2-develop/rmcs_ws2/install/cpp_pubsub/include/cpp_pubsub/cpp_pubsub/msg/rosidl_typesupport_fastrtps_cpp__visibility_control.h
[9.130s] -- Installing: /workspaces/ros2-develop/rmcs_ws2/install/cpp_pubsub/lib/libcpp_pubsub__rosidl_typesupport_fastrtps_cpp.so
[9.131s] -- Set non-toolchain portion of runtime path of "/workspaces/ros2-develop/rmcs_ws2/install/cpp_pubsub/lib/libcpp_pubsub__rosidl_typesupport_fastrtps_cpp.so" to ""
[9.131s] -- Up-to-date: /workspaces/ros2-develop/rmcs_ws2/install/cpp_pubsub/include/cpp_pubsub/cpp_pubsub
[9.131s] -- Up-to-date: /workspaces/ros2-develop/rmcs_ws2/install/cpp_pubsub/include/cpp_pubsub/cpp_pubsub/msg
[9.131s] -- Up-to-date: /workspaces/ros2-develop/rmcs_ws2/install/cpp_pubsub/include/cpp_pubsub/cpp_pubsub/msg/detail
[9.131s] -- Installing: /workspaces/ros2-develop/rmcs_ws2/install/cpp_pubsub/include/cpp_pubsub/cpp_pubsub/msg/detail/signal__rosidl_typesupport_introspection_c.h
[9.131s] -- Up-to-date: /workspaces/ros2-develop/rmcs_ws2/install/cpp_pubsub/include/cpp_pubsub/cpp_pubsub/msg/detail/signal__type_support.c
[9.131s] -- Installing: /workspaces/ros2-develop/rmcs_ws2/install/cpp_pubsub/include/cpp_pubsub/cpp_pubsub/msg/rosidl_typesupport_introspection_c__visibility_control.h
[9.131s] -- Installing: /workspaces/ros2-develop/rmcs_ws2/install/cpp_pubsub/lib/libcpp_pubsub__rosidl_typesupport_introspection_c.so
[9.131s] -- Set non-toolchain portion of runtime path of "/workspaces/ros2-develop/rmcs_ws2/install/cpp_pubsub/lib/libcpp_pubsub__rosidl_typesupport_introspection_c.so" to ""
[9.131s] -- Installing: /workspaces/ros2-develop/rmcs_ws2/install/cpp_pubsub/lib/libcpp_pubsub__rosidl_typesupport_c.so
[9.132s] -- Set non-toolchain portion of runtime path of "/workspaces/ros2-develop/rmcs_ws2/install/cpp_pubsub/lib/libcpp_pubsub__rosidl_typesupport_c.so" to ""
[9.132s] -- Up-to-date: /workspaces/ros2-develop/rmcs_ws2/install/cpp_pubsub/include/cpp_pubsub/cpp_pubsub
[9.132s] -- Up-to-date: /workspaces/ros2-develop/rmcs_ws2/install/cpp_pubsub/include/cpp_pubsub/cpp_pubsub/msg
[9.132s] -- Up-to-date: /workspaces/ros2-develop/rmcs_ws2/install/cpp_pubsub/include/cpp_pubsub/cpp_pubsub/msg/detail
[9.132s] -- Installing: /workspaces/ros2-develop/rmcs_ws2/install/cpp_pubsub/include/cpp_pubsub/cpp_pubsub/msg/detail/signal__rosidl_typesupport_introspection_cpp.hpp
[9.132s] -- Installing: /workspaces/ros2-develop/rmcs_ws2/install/cpp_pubsub/include/cpp_pubsub/cpp_pubsub/msg/detail/signal__type_support.cpp
[9.132s] -- Installing: /workspaces/ros2-develop/rmcs_ws2/install/cpp_pubsub/lib/libcpp_pubsub__rosidl_typesupport_introspection_cpp.so
[9.132s] -- Set non-toolchain portion of runtime path of "/workspaces/ros2-develop/rmcs_ws2/install/cpp_pubsub/lib/libcpp_pubsub__rosidl_typesupport_introspection_cpp.so" to ""
[9.132s] -- Installing: /workspaces/ros2-develop/rmcs_ws2/install/cpp_pubsub/lib/libcpp_pubsub__rosidl_typesupport_cpp.so
[9.133s] -- Set non-toolchain portion of runtime path of "/workspaces/ros2-develop/rmcs_ws2/install/cpp_pubsub/lib/libcpp_pubsub__rosidl_typesupport_cpp.so" to ""
[9.133s] -- Installing: /workspaces/ros2-develop/rmcs_ws2/install/cpp_pubsub/share/cpp_pubsub/environment/pythonpath.sh
[9.133s] -- Installing: /workspaces/ros2-develop/rmcs_ws2/install/cpp_pubsub/share/cpp_pubsub/environment/pythonpath.dsv
[9.133s] -- Installing: /workspaces/ros2-develop/rmcs_ws2/install/cpp_pubsub/lib/python3.12/site-packages/cpp_pubsub-0.0.0-py3.12.egg-info
[9.133s] -- Installing: /workspaces/ros2-develop/rmcs_ws2/install/cpp_pubsub/lib/python3.12/site-packages/cpp_pubsub-0.0.0-py3.12.egg-info/top_level.txt
[9.133s] -- Installing: /workspaces/ros2-develop/rmcs_ws2/install/cpp_pubsub/lib/python3.12/site-packages/cpp_pubsub-0.0.0-py3.12.egg-info/dependency_links.txt
[9.133s] -- Installing: /workspaces/ros2-develop/rmcs_ws2/install/cpp_pubsub/lib/python3.12/site-packages/cpp_pubsub-0.0.0-py3.12.egg-info/PKG-INFO
[9.133s] -- Installing: /workspaces/ros2-develop/rmcs_ws2/install/cpp_pubsub/lib/python3.12/site-packages/cpp_pubsub-0.0.0-py3.12.egg-info/SOURCES.txt
[9.133s] -- Installing: /workspaces/ros2-develop/rmcs_ws2/install/cpp_pubsub/lib/python3.12/site-packages/cpp_pubsub
[9.133s] -- Installing: /workspaces/ros2-develop/rmcs_ws2/install/cpp_pubsub/lib/python3.12/site-packages/cpp_pubsub/cpp_pubsub_s__rosidl_typesupport_c.so
[9.133s] -- Installing: /workspaces/ros2-develop/rmcs_ws2/install/cpp_pubsub/lib/python3.12/site-packages/cpp_pubsub/msg
[9.133s] -- Installing: /workspaces/ros2-develop/rmcs_ws2/install/cpp_pubsub/lib/python3.12/site-packages/cpp_pubsub/msg/_signal_s.c
[9.133s] -- Installing: /workspaces/ros2-develop/rmcs_ws2/install/cpp_pubsub/lib/python3.12/site-packages/cpp_pubsub/msg/_signal.py
[9.133s] -- Installing: /workspaces/ros2-develop/rmcs_ws2/install/cpp_pubsub/lib/python3.12/site-packages/cpp_pubsub/msg/__init__.py
[9.133s] -- Installing: /workspaces/ros2-develop/rmcs_ws2/install/cpp_pubsub/lib/python3.12/site-packages/cpp_pubsub/_cpp_pubsub_s.ep.rosidl_typesupport_introspection_c.c
[9.133s] -- Installing: /workspaces/ros2-develop/rmcs_ws2/install/cpp_pubsub/lib/python3.12/site-packages/cpp_pubsub/_cpp_pubsub_s.ep.rosidl_typesupport_fastrtps_c.c
[9.133s] -- Installing: /workspaces/ros2-develop/rmcs_ws2/install/cpp_pubsub/lib/python3.12/site-packages/cpp_pubsub/cpp_pubsub_s__rosidl_typesupport_introspection_c.so
[9.133s] -- Installing: /workspaces/ros2-develop/rmcs_ws2/install/cpp_pubsub/lib/python3.12/site-packages/cpp_pubsub/cpp_pubsub_s__rosidl_typesupport_fastrtps_c.so
[9.133s] -- Installing: /workspaces/ros2-develop/rmcs_ws2/install/cpp_pubsub/lib/python3.12/site-packages/cpp_pubsub/__init__.py
[9.134s] -- Installing: /workspaces/ros2-develop/rmcs_ws2/install/cpp_pubsub/lib/python3.12/site-packages/cpp_pubsub/_cpp_pubsub_s.ep.rosidl_typesupport_c.c
[9.162s] Listing '/workspaces/ros2-develop/rmcs_ws2/install/cpp_pubsub/lib/python3.12/site-packages/cpp_pubsub'...
[9.162s] Compiling '/workspaces/ros2-develop/rmcs_ws2/install/cpp_pubsub/lib/python3.12/site-packages/cpp_pubsub/__init__.py'...
[9.162s] Listing '/workspaces/ros2-develop/rmcs_ws2/install/cpp_pubsub/lib/python3.12/site-packages/cpp_pubsub/msg'...
[9.162s] Compiling '/workspaces/ros2-develop/rmcs_ws2/install/cpp_pubsub/lib/python3.12/site-packages/cpp_pubsub/msg/__init__.py'...
[9.162s] Compiling '/workspaces/ros2-develop/rmcs_ws2/install/cpp_pubsub/lib/python3.12/site-packages/cpp_pubsub/msg/_signal.py'...
[9.166s] -- Installing: /workspaces/ros2-develop/rmcs_ws2/install/cpp_pubsub/lib/python3.12/site-packages/cpp_pubsub/cpp_pubsub_s__rosidl_typesupport_fastrtps_c.so
[9.167s] -- Set non-toolchain portion of runtime path of "/workspaces/ros2-develop/rmcs_ws2/install/cpp_pubsub/lib/python3.12/site-packages/cpp_pubsub/cpp_pubsub_s__rosidl_typesupport_fastrtps_c.so" to ""
[9.167s] -- Installing: /workspaces/ros2-develop/rmcs_ws2/install/cpp_pubsub/lib/python3.12/site-packages/cpp_pubsub/cpp_pubsub_s__rosidl_typesupport_introspection_c.so
[9.167s] -- Set non-toolchain portion of runtime path of "/workspaces/ros2-develop/rmcs_ws2/install/cpp_pubsub/lib/python3.12/site-packages/cpp_pubsub/cpp_pubsub_s__rosidl_typesupport_introspection_c.so" to ""
[9.167s] -- Installing: /workspaces/ros2-develop/rmcs_ws2/install/cpp_pubsub/lib/python3.12/site-packages/cpp_pubsub/cpp_pubsub_s__rosidl_typesupport_c.so
[9.167s] -- Set non-toolchain portion of runtime path of "/workspaces/ros2-develop/rmcs_ws2/install/cpp_pubsub/lib/python3.12/site-packages/cpp_pubsub/cpp_pubsub_s__rosidl_typesupport_c.so" to ""
[9.167s] -- Installing: /workspaces/ros2-develop/rmcs_ws2/install/cpp_pubsub/lib/libcpp_pubsub__rosidl_generator_py.so
[9.167s] -- Set non-toolchain portion of runtime path of "/workspaces/ros2-develop/rmcs_ws2/install/cpp_pubsub/lib/libcpp_pubsub__rosidl_generator_py.so" to ""
[9.167s] -- Installing: /workspaces/ros2-develop/rmcs_ws2/install/cpp_pubsub/share/cpp_pubsub/msg/Signal.idl
[9.167s] -- Installing: /workspaces/ros2-develop/rmcs_ws2/install/cpp_pubsub/share/cpp_pubsub/msg/Signal.msg
[9.168s] -- Installing: /workspaces/ros2-develop/rmcs_ws2/install/cpp_pubsub/lib/cpp_pubsub/signal_generator
[9.169s] -- Set non-toolchain portion of runtime path of "/workspaces/ros2-develop/rmcs_ws2/install/cpp_pubsub/lib/cpp_pubsub/signal_generator" to ""
[9.169s] -- Installing: /workspaces/ros2-develop/rmcs_ws2/install/cpp_pubsub/lib/cpp_pubsub/signal_processor
[9.172s] -- Set non-toolchain portion of runtime path of "/workspaces/ros2-develop/rmcs_ws2/install/cpp_pubsub/lib/cpp_pubsub/signal_processor" to ""
[9.172s] -- Installing: /workspaces/ros2-develop/rmcs_ws2/install/cpp_pubsub/share/ament_index/resource_index/package_run_dependencies/cpp_pubsub
[9.172s] -- Installing: /workspaces/ros2-develop/rmcs_ws2/install/cpp_pubsub/share/ament_index/resource_index/parent_prefix_path/cpp_pubsub
[9.172s] -- Installing: /workspaces/ros2-develop/rmcs_ws2/install/cpp_pubsub/share/cpp_pubsub/environment/ament_prefix_path.sh
[9.173s] -- Installing: /workspaces/ros2-develop/rmcs_ws2/install/cpp_pubsub/share/cpp_pubsub/environment/ament_prefix_path.dsv
[9.173s] -- Installing: /workspaces/ros2-develop/rmcs_ws2/install/cpp_pubsub/share/cpp_pubsub/environment/path.sh
[9.173s] -- Installing: /workspaces/ros2-develop/rmcs_ws2/install/cpp_pubsub/share/cpp_pubsub/environment/path.dsv
[9.173s] -- Installing: /workspaces/ros2-develop/rmcs_ws2/install/cpp_pubsub/share/cpp_pubsub/local_setup.bash
[9.173s] -- Installing: /workspaces/ros2-develop/rmcs_ws2/install/cpp_pubsub/share/cpp_pubsub/local_setup.sh
[9.173s] -- Installing: /workspaces/ros2-develop/rmcs_ws2/install/cpp_pubsub/share/cpp_pubsub/local_setup.zsh
[9.173s] -- Installing: /workspaces/ros2-develop/rmcs_ws2/install/cpp_pubsub/share/cpp_pubsub/local_setup.dsv
[9.173s] -- Installing: /workspaces/ros2-develop/rmcs_ws2/install/cpp_pubsub/share/cpp_pubsub/package.dsv
[9.173s] -- Installing: /workspaces/ros2-develop/rmcs_ws2/install/cpp_pubsub/share/ament_index/resource_index/packages/cpp_pubsub
[9.174s] -- Installing: /workspaces/ros2-develop/rmcs_ws2/install/cpp_pubsub/share/cpp_pubsub/cmake/export_cpp_pubsub__rosidl_generator_cExport.cmake
[9.174s] -- Installing: /workspaces/ros2-develop/rmcs_ws2/install/cpp_pubsub/share/cpp_pubsub/cmake/export_cpp_pubsub__rosidl_generator_cExport-noconfig.cmake
[9.174s] -- Installing: /workspaces/ros2-develop/rmcs_ws2/install/cpp_pubsub/share/cpp_pubsub/cmake/export_cpp_pubsub__rosidl_typesupport_fastrtps_cExport.cmake
[9.174s] -- Installing: /workspaces/ros2-develop/rmcs_ws2/install/cpp_pubsub/share/cpp_pubsub/cmake/export_cpp_pubsub__rosidl_typesupport_fastrtps_cExport-noconfig.cmake
[9.174s] -- Installing: /workspaces/ros2-develop/rmcs_ws2/install/cpp_pubsub/share/cpp_pubsub/cmake/export_cpp_pubsub__rosidl_generator_cppExport.cmake
[9.174s] -- Installing: /workspaces/ros2-develop/rmcs_ws2/install/cpp_pubsub/share/cpp_pubsub/cmake/export_cpp_pubsub__rosidl_typesupport_fastrtps_cppExport.cmake
[9.174s] -- Installing: /workspaces/ros2-develop/rmcs_ws2/install/cpp_pubsub/share/cpp_pubsub/cmake/export_cpp_pubsub__rosidl_typesupport_fastrtps_cppExport-noconfig.cmake
[9.174s] -- Installing: /workspaces/ros2-develop/rmcs_ws2/install/cpp_pubsub/share/cpp_pubsub/cmake/cpp_pubsub__rosidl_typesupport_introspection_cExport.cmake
[9.174s] -- Installing: /workspaces/ros2-develop/rmcs_ws2/install/cpp_pubsub/share/cpp_pubsub/cmake/cpp_pubsub__rosidl_typesupport_introspection_cExport-noconfig.cmake
[9.175s] -- Installing: /workspaces/ros2-develop/rmcs_ws2/install/cpp_pubsub/share/cpp_pubsub/cmake/cpp_pubsub__rosidl_typesupport_cExport.cmake
[9.175s] -- Installing: /workspaces/ros2-develop/rmcs_ws2/install/cpp_pubsub/share/cpp_pubsub/cmake/cpp_pubsub__rosidl_typesupport_cExport-noconfig.cmake
[9.175s] -- Installing: /workspaces/ros2-develop/rmcs_ws2/install/cpp_pubsub/share/cpp_pubsub/cmake/cpp_pubsub__rosidl_typesupport_introspection_cppExport.cmake
[9.175s] -- Installing: /workspaces/ros2-develop/rmcs_ws2/install/cpp_pubsub/share/cpp_pubsub/cmake/cpp_pubsub__rosidl_typesupport_introspection_cppExport-noconfig.cmake
[9.175s] -- Installing: /workspaces/ros2-develop/rmcs_ws2/install/cpp_pubsub/share/cpp_pubsub/cmake/cpp_pubsub__rosidl_typesupport_cppExport.cmake
[9.175s] -- Installing: /workspaces/ros2-develop/rmcs_ws2/install/cpp_pubsub/share/cpp_pubsub/cmake/cpp_pubsub__rosidl_typesupport_cppExport-noconfig.cmake
[9.175s] -- Installing: /workspaces/ros2-develop/rmcs_ws2/install/cpp_pubsub/share/cpp_pubsub/cmake/export_cpp_pubsub__rosidl_generator_pyExport.cmake
[9.175s] -- Installing: /workspaces/ros2-develop/rmcs_ws2/install/cpp_pubsub/share/cpp_pubsub/cmake/export_cpp_pubsub__rosidl_generator_pyExport-noconfig.cmake
[9.175s] -- Installing: /workspaces/ros2-develop/rmcs_ws2/install/cpp_pubsub/share/cpp_pubsub/cmake/rosidl_cmake-extras.cmake
[9.176s] -- Installing: /workspaces/ros2-develop/rmcs_ws2/install/cpp_pubsub/share/cpp_pubsub/cmake/ament_cmake_export_dependencies-extras.cmake
[9.176s] -- Installing: /workspaces/ros2-develop/rmcs_ws2/install/cpp_pubsub/share/cpp_pubsub/cmake/ament_cmake_export_include_directories-extras.cmake
[9.176s] -- Installing: /workspaces/ros2-develop/rmcs_ws2/install/cpp_pubsub/share/cpp_pubsub/cmake/ament_cmake_export_libraries-extras.cmake
[9.176s] -- Installing: /workspaces/ros2-develop/rmcs_ws2/install/cpp_pubsub/share/cpp_pubsub/cmake/ament_cmake_export_targets-extras.cmake
[9.176s] -- Installing: /workspaces/ros2-develop/rmcs_ws2/install/cpp_pubsub/share/cpp_pubsub/cmake/rosidl_cmake_export_typesupport_targets-extras.cmake
[9.176s] -- Installing: /workspaces/ros2-develop/rmcs_ws2/install/cpp_pubsub/share/cpp_pubsub/cmake/rosidl_cmake_export_typesupport_libraries-extras.cmake
[9.176s] -- Installing: /workspaces/ros2-develop/rmcs_ws2/install/cpp_pubsub/share/cpp_pubsub/cmake/cpp_pubsubConfig.cmake
[9.176s] -- Installing: /workspaces/ros2-develop/rmcs_ws2/install/cpp_pubsub/share/cpp_pubsub/cmake/cpp_pubsubConfig-version.cmake
[9.176s] -- Installing: /workspaces/ros2-develop/rmcs_ws2/install/cpp_pubsub/share/cpp_pubsub/package.xml
[9.178s] Invoked command in '/workspaces/ros2-develop/rmcs_ws2/build/cpp_pubsub' returned '0': CMAKE_PREFIX_PATH=${CMAKE_PREFIX_PATH}:/opt/ros/jazzy /usr/bin/cmake --install /workspaces/ros2-develop/rmcs_ws2/build/cpp_pubsub
